[2024-02-24 11:27:23,235] {taskinstance.py:1032} INFO - Dependencies all met for <TaskInstance: kafka_stream.extract_data_from_csv manual__2024-02-24T11:27:19.966758+00:00 [queued]>
[2024-02-24 11:27:23,258] {taskinstance.py:1032} INFO - Dependencies all met for <TaskInstance: kafka_stream.extract_data_from_csv manual__2024-02-24T11:27:19.966758+00:00 [queued]>
[2024-02-24 11:27:23,258] {taskinstance.py:1238} INFO - 
--------------------------------------------------------------------------------
[2024-02-24 11:27:23,259] {taskinstance.py:1239} INFO - Starting attempt 1 of 2
[2024-02-24 11:27:23,259] {taskinstance.py:1240} INFO - 
--------------------------------------------------------------------------------
[2024-02-24 11:27:23,283] {taskinstance.py:1259} INFO - Executing <Task(BashOperator): extract_data_from_csv> on 2024-02-24 11:27:19.966758+00:00
[2024-02-24 11:27:23,295] {standard_task_runner.py:76} INFO - Running: ['***', 'tasks', 'run', 'kafka_stream', 'extract_data_from_csv', 'manual__2024-02-24T11:27:19.966758+00:00', '--job-id', '41', '--raw', '--subdir', 'DAGS_FOLDER/kafka_stream.py', '--cfg-path', '/tmp/tmpapkyek70', '--error-file', '/tmp/tmp4xqgyu6_']
[2024-02-24 11:27:23,296] {standard_task_runner.py:77} INFO - Job 41: Subtask extract_data_from_csv
[2024-02-24 11:27:23,292] {standard_task_runner.py:52} INFO - Started process 132 to run task
[2024-02-24 11:27:23,392] {logging_mixin.py:109} INFO - Running <TaskInstance: kafka_stream.extract_data_from_csv manual__2024-02-24T11:27:19.966758+00:00 [running]> on host affb77782f2a
[2024-02-24 11:27:23,492] {taskinstance.py:1426} INFO - Exporting the following env vars:
AIRFLOW_CTX_DAG_EMAIL=mahesh@somemail.com
AIRFLOW_CTX_DAG_OWNER=Mahesh Pathak
AIRFLOW_CTX_DAG_ID=kafka_stream
AIRFLOW_CTX_TASK_ID=extract_data_from_csv
AIRFLOW_CTX_EXECUTION_DATE=2024-02-24T11:27:19.966758+00:00
AIRFLOW_CTX_DAG_RUN_ID=manual__2024-02-24T11:27:19.966758+00:00
[2024-02-24 11:27:23,493] {subprocess.py:62} INFO - Tmp dir root location: 
 /tmp
[2024-02-24 11:27:23,494] {subprocess.py:74} INFO - Running command: ['bash', '-c', 'echo "Extract Mahesh"']
[2024-02-24 11:27:23,514] {subprocess.py:85} INFO - Output:
[2024-02-24 11:27:23,517] {subprocess.py:89} INFO - Extract Mahesh
[2024-02-24 11:27:23,519] {subprocess.py:93} INFO - Command exited with return code 0
[2024-02-24 11:27:23,570] {taskinstance.py:1277} INFO - Marking task as SUCCESS. dag_id=kafka_stream, task_id=extract_data_from_csv, execution_date=20240224T112719, start_date=20240224T112723, end_date=20240224T112723
[2024-02-24 11:27:23,656] {local_task_job.py:154} INFO - Task exited with return code 0
[2024-02-24 11:27:23,741] {local_task_job.py:264} INFO - 1 downstream tasks scheduled from follow-on schedule check
