[2024-02-24 03:56:49,175] {taskinstance.py:1032} INFO - Dependencies all met for <TaskInstance: kafka_stream.extract_data_from_csv scheduled__2024-02-23T00:00:00+00:00 [queued]>
[2024-02-24 03:56:49,243] {taskinstance.py:1032} INFO - Dependencies all met for <TaskInstance: kafka_stream.extract_data_from_csv scheduled__2024-02-23T00:00:00+00:00 [queued]>
[2024-02-24 03:56:49,243] {taskinstance.py:1238} INFO - 
--------------------------------------------------------------------------------
[2024-02-24 03:56:49,243] {taskinstance.py:1239} INFO - Starting attempt 1 of 2
[2024-02-24 03:56:49,243] {taskinstance.py:1240} INFO - 
--------------------------------------------------------------------------------
[2024-02-24 03:56:49,384] {taskinstance.py:1259} INFO - Executing <Task(BashOperator): extract_data_from_csv> on 2024-02-23 00:00:00+00:00
[2024-02-24 03:56:49,467] {standard_task_runner.py:76} INFO - Running: ['***', 'tasks', 'run', 'kafka_stream', 'extract_data_from_csv', 'scheduled__2024-02-23T00:00:00+00:00', '--job-id', '27', '--raw', '--subdir', 'DAGS_FOLDER/kafka_stream.py', '--cfg-path', '/tmp/tmpc_p4jrhv', '--error-file', '/tmp/tmpbcuefmix']
[2024-02-24 03:56:49,489] {standard_task_runner.py:77} INFO - Job 27: Subtask extract_data_from_csv
[2024-02-24 03:56:49,415] {standard_task_runner.py:52} INFO - Started process 90 to run task
[2024-02-24 03:56:49,745] {logging_mixin.py:109} INFO - Running <TaskInstance: kafka_stream.extract_data_from_csv scheduled__2024-02-23T00:00:00+00:00 [running]> on host 8befa3b03ae8
[2024-02-24 03:56:50,028] {taskinstance.py:1426} INFO - Exporting the following env vars:
AIRFLOW_CTX_DAG_EMAIL=mahesh@somemail.com
AIRFLOW_CTX_DAG_OWNER=Mahesh Pathak
AIRFLOW_CTX_DAG_ID=kafka_stream
AIRFLOW_CTX_TASK_ID=extract_data_from_csv
AIRFLOW_CTX_EXECUTION_DATE=2024-02-23T00:00:00+00:00
AIRFLOW_CTX_DAG_RUN_ID=scheduled__2024-02-23T00:00:00+00:00
[2024-02-24 03:56:50,045] {subprocess.py:62} INFO - Tmp dir root location: 
 /tmp
[2024-02-24 03:56:50,045] {subprocess.py:74} INFO - Running command: ['bash', '-c', 'echo "Extract Mahesh"']
[2024-02-24 03:56:50,113] {subprocess.py:85} INFO - Output:
[2024-02-24 03:56:50,120] {subprocess.py:89} INFO - Extract Mahesh
[2024-02-24 03:56:50,125] {subprocess.py:93} INFO - Command exited with return code 0
[2024-02-24 03:56:50,221] {taskinstance.py:1277} INFO - Marking task as SUCCESS. dag_id=kafka_stream, task_id=extract_data_from_csv, execution_date=20240223T000000, start_date=20240224T035649, end_date=20240224T035650
[2024-02-24 03:56:50,349] {local_task_job.py:154} INFO - Task exited with return code 0
[2024-02-24 03:56:50,457] {local_task_job.py:264} INFO - 1 downstream tasks scheduled from follow-on schedule check
