[2024-02-23 12:17:11,469] {processor.py:163} INFO - Started process (PID=62) to work on /opt/airflow/dags/kafka_stream.py
[2024-02-23 12:17:11,479] {processor.py:642} INFO - Processing file /opt/airflow/dags/kafka_stream.py for tasks to queue
[2024-02-23 12:17:11,485] {logging_mixin.py:109} INFO - [2024-02-23 12:17:11,485] {dagbag.py:500} INFO - Filling up the DagBag from /opt/airflow/dags/kafka_stream.py
[2024-02-23 12:17:11,791] {logging_mixin.py:109} INFO - [2024-02-23 12:17:11,790] {dagbag.py:334} ERROR - Failed to import: /opt/airflow/dags/kafka_stream.py
Traceback (most recent call last):
  File "/home/airflow/.local/lib/python3.6/site-packages/airflow/models/dagbag.py", line 331, in _load_modules_from_file
    loader.exec_module(new_module)
  File "<frozen importlib._bootstrap_external>", line 678, in exec_module
  File "<frozen importlib._bootstrap>", line 219, in _call_with_frames_removed
  File "/opt/airflow/dags/kafka_stream.py", line 13, in <module>
    from producer import stream_data
  File "/opt/airflow/dags/producer.py", line 1, in <module>
    from kafka import KafkaProducer
ModuleNotFoundError: No module named 'kafka'
[2024-02-23 12:17:11,894] {processor.py:656} WARNING - No viable dags retrieved from /opt/airflow/dags/kafka_stream.py
[2024-02-23 12:17:11,973] {processor.py:171} INFO - Processing /opt/airflow/dags/kafka_stream.py took 0.536 seconds
[2024-02-23 12:17:42,859] {processor.py:163} INFO - Started process (PID=89) to work on /opt/airflow/dags/kafka_stream.py
[2024-02-23 12:17:42,868] {processor.py:642} INFO - Processing file /opt/airflow/dags/kafka_stream.py for tasks to queue
[2024-02-23 12:17:42,881] {logging_mixin.py:109} INFO - [2024-02-23 12:17:42,881] {dagbag.py:500} INFO - Filling up the DagBag from /opt/airflow/dags/kafka_stream.py
[2024-02-23 12:17:42,953] {logging_mixin.py:109} INFO - [2024-02-23 12:17:42,952] {dagbag.py:334} ERROR - Failed to import: /opt/airflow/dags/kafka_stream.py
Traceback (most recent call last):
  File "/home/airflow/.local/lib/python3.6/site-packages/airflow/models/dagbag.py", line 331, in _load_modules_from_file
    loader.exec_module(new_module)
  File "<frozen importlib._bootstrap_external>", line 678, in exec_module
  File "<frozen importlib._bootstrap>", line 219, in _call_with_frames_removed
  File "/opt/airflow/dags/kafka_stream.py", line 13, in <module>
    from producer import stream_data
  File "/opt/airflow/dags/producer.py", line 1, in <module>
    from kafka import KafkaProducer
ModuleNotFoundError: No module named 'kafka'
[2024-02-23 12:17:43,010] {processor.py:656} WARNING - No viable dags retrieved from /opt/airflow/dags/kafka_stream.py
[2024-02-23 12:17:43,049] {processor.py:171} INFO - Processing /opt/airflow/dags/kafka_stream.py took 0.203 seconds
[2024-02-23 12:18:13,236] {processor.py:163} INFO - Started process (PID=105) to work on /opt/airflow/dags/kafka_stream.py
[2024-02-23 12:18:13,237] {processor.py:642} INFO - Processing file /opt/airflow/dags/kafka_stream.py for tasks to queue
[2024-02-23 12:18:13,238] {logging_mixin.py:109} INFO - [2024-02-23 12:18:13,238] {dagbag.py:500} INFO - Filling up the DagBag from /opt/airflow/dags/kafka_stream.py
[2024-02-23 12:18:13,248] {logging_mixin.py:109} INFO - [2024-02-23 12:18:13,248] {dagbag.py:334} ERROR - Failed to import: /opt/airflow/dags/kafka_stream.py
Traceback (most recent call last):
  File "/home/airflow/.local/lib/python3.6/site-packages/airflow/models/dagbag.py", line 331, in _load_modules_from_file
    loader.exec_module(new_module)
  File "<frozen importlib._bootstrap_external>", line 678, in exec_module
  File "<frozen importlib._bootstrap>", line 219, in _call_with_frames_removed
  File "/opt/airflow/dags/kafka_stream.py", line 13, in <module>
    from producer import stream_data
  File "/opt/airflow/dags/producer.py", line 1, in <module>
    from kafka import KafkaProducer
ModuleNotFoundError: No module named 'kafka'
[2024-02-23 12:18:13,263] {processor.py:656} WARNING - No viable dags retrieved from /opt/airflow/dags/kafka_stream.py
[2024-02-23 12:18:13,277] {processor.py:171} INFO - Processing /opt/airflow/dags/kafka_stream.py took 0.044 seconds
[2024-02-23 12:18:43,749] {processor.py:163} INFO - Started process (PID=132) to work on /opt/airflow/dags/kafka_stream.py
[2024-02-23 12:18:43,750] {processor.py:642} INFO - Processing file /opt/airflow/dags/kafka_stream.py for tasks to queue
[2024-02-23 12:18:43,751] {logging_mixin.py:109} INFO - [2024-02-23 12:18:43,751] {dagbag.py:500} INFO - Filling up the DagBag from /opt/airflow/dags/kafka_stream.py
[2024-02-23 12:18:43,758] {logging_mixin.py:109} INFO - [2024-02-23 12:18:43,758] {dagbag.py:334} ERROR - Failed to import: /opt/airflow/dags/kafka_stream.py
Traceback (most recent call last):
  File "/home/airflow/.local/lib/python3.6/site-packages/airflow/models/dagbag.py", line 331, in _load_modules_from_file
    loader.exec_module(new_module)
  File "<frozen importlib._bootstrap_external>", line 678, in exec_module
  File "<frozen importlib._bootstrap>", line 219, in _call_with_frames_removed
  File "/opt/airflow/dags/kafka_stream.py", line 13, in <module>
    from producer import stream_data
  File "/opt/airflow/dags/producer.py", line 1, in <module>
    from kafka import KafkaProducer
ModuleNotFoundError: No module named 'kafka'
[2024-02-23 12:18:43,769] {processor.py:656} WARNING - No viable dags retrieved from /opt/airflow/dags/kafka_stream.py
[2024-02-23 12:18:43,780] {processor.py:171} INFO - Processing /opt/airflow/dags/kafka_stream.py took 0.033 seconds
[2024-02-23 12:19:14,027] {processor.py:163} INFO - Started process (PID=169) to work on /opt/airflow/dags/kafka_stream.py
[2024-02-23 12:19:14,029] {processor.py:642} INFO - Processing file /opt/airflow/dags/kafka_stream.py for tasks to queue
[2024-02-23 12:19:14,030] {logging_mixin.py:109} INFO - [2024-02-23 12:19:14,030] {dagbag.py:500} INFO - Filling up the DagBag from /opt/airflow/dags/kafka_stream.py
[2024-02-23 12:19:14,047] {logging_mixin.py:109} INFO - [2024-02-23 12:19:14,046] {dagbag.py:334} ERROR - Failed to import: /opt/airflow/dags/kafka_stream.py
Traceback (most recent call last):
  File "/home/airflow/.local/lib/python3.6/site-packages/airflow/models/dagbag.py", line 331, in _load_modules_from_file
    loader.exec_module(new_module)
  File "<frozen importlib._bootstrap_external>", line 678, in exec_module
  File "<frozen importlib._bootstrap>", line 219, in _call_with_frames_removed
  File "/opt/airflow/dags/kafka_stream.py", line 13, in <module>
    from producer import stream_data
  File "/opt/airflow/dags/producer.py", line 1, in <module>
    from kafka import KafkaProducer
ModuleNotFoundError: No module named 'kafka'
[2024-02-23 12:19:14,094] {processor.py:656} WARNING - No viable dags retrieved from /opt/airflow/dags/kafka_stream.py
[2024-02-23 12:19:14,107] {processor.py:171} INFO - Processing /opt/airflow/dags/kafka_stream.py took 0.083 seconds
[2024-02-23 12:19:44,355] {processor.py:163} INFO - Started process (PID=196) to work on /opt/airflow/dags/kafka_stream.py
[2024-02-23 12:19:44,360] {processor.py:642} INFO - Processing file /opt/airflow/dags/kafka_stream.py for tasks to queue
[2024-02-23 12:19:44,361] {logging_mixin.py:109} INFO - [2024-02-23 12:19:44,361] {dagbag.py:500} INFO - Filling up the DagBag from /opt/airflow/dags/kafka_stream.py
[2024-02-23 12:19:44,387] {logging_mixin.py:109} INFO - [2024-02-23 12:19:44,386] {dagbag.py:334} ERROR - Failed to import: /opt/airflow/dags/kafka_stream.py
Traceback (most recent call last):
  File "/home/airflow/.local/lib/python3.6/site-packages/airflow/models/dagbag.py", line 331, in _load_modules_from_file
    loader.exec_module(new_module)
  File "<frozen importlib._bootstrap_external>", line 678, in exec_module
  File "<frozen importlib._bootstrap>", line 219, in _call_with_frames_removed
  File "/opt/airflow/dags/kafka_stream.py", line 13, in <module>
    from producer import stream_data
  File "/opt/airflow/dags/producer.py", line 1, in <module>
    from kafka import KafkaProducer
ModuleNotFoundError: No module named 'kafka'
[2024-02-23 12:19:44,428] {processor.py:656} WARNING - No viable dags retrieved from /opt/airflow/dags/kafka_stream.py
[2024-02-23 12:19:44,451] {processor.py:171} INFO - Processing /opt/airflow/dags/kafka_stream.py took 0.099 seconds
[2024-02-23 12:20:14,644] {processor.py:163} INFO - Started process (PID=224) to work on /opt/airflow/dags/kafka_stream.py
[2024-02-23 12:20:14,645] {processor.py:642} INFO - Processing file /opt/airflow/dags/kafka_stream.py for tasks to queue
[2024-02-23 12:20:14,646] {logging_mixin.py:109} INFO - [2024-02-23 12:20:14,646] {dagbag.py:500} INFO - Filling up the DagBag from /opt/airflow/dags/kafka_stream.py
[2024-02-23 12:20:14,657] {logging_mixin.py:109} INFO - [2024-02-23 12:20:14,656] {dagbag.py:334} ERROR - Failed to import: /opt/airflow/dags/kafka_stream.py
Traceback (most recent call last):
  File "/home/airflow/.local/lib/python3.6/site-packages/airflow/models/dagbag.py", line 331, in _load_modules_from_file
    loader.exec_module(new_module)
  File "<frozen importlib._bootstrap_external>", line 678, in exec_module
  File "<frozen importlib._bootstrap>", line 219, in _call_with_frames_removed
  File "/opt/airflow/dags/kafka_stream.py", line 13, in <module>
    from producer import stream_data
  File "/opt/airflow/dags/producer.py", line 1, in <module>
    from kafka import KafkaProducer
ModuleNotFoundError: No module named 'kafka'
[2024-02-23 12:20:14,674] {processor.py:656} WARNING - No viable dags retrieved from /opt/airflow/dags/kafka_stream.py
[2024-02-23 12:20:14,689] {processor.py:171} INFO - Processing /opt/airflow/dags/kafka_stream.py took 0.047 seconds
[2024-02-23 12:20:45,007] {processor.py:163} INFO - Started process (PID=262) to work on /opt/airflow/dags/kafka_stream.py
[2024-02-23 12:20:45,008] {processor.py:642} INFO - Processing file /opt/airflow/dags/kafka_stream.py for tasks to queue
[2024-02-23 12:20:45,009] {logging_mixin.py:109} INFO - [2024-02-23 12:20:45,009] {dagbag.py:500} INFO - Filling up the DagBag from /opt/airflow/dags/kafka_stream.py
[2024-02-23 12:20:45,021] {logging_mixin.py:109} INFO - [2024-02-23 12:20:45,020] {dagbag.py:334} ERROR - Failed to import: /opt/airflow/dags/kafka_stream.py
Traceback (most recent call last):
  File "/home/airflow/.local/lib/python3.6/site-packages/airflow/models/dagbag.py", line 331, in _load_modules_from_file
    loader.exec_module(new_module)
  File "<frozen importlib._bootstrap_external>", line 678, in exec_module
  File "<frozen importlib._bootstrap>", line 219, in _call_with_frames_removed
  File "/opt/airflow/dags/kafka_stream.py", line 13, in <module>
    from producer import stream_data
  File "/opt/airflow/dags/producer.py", line 1, in <module>
    from kafka import KafkaProducer
ModuleNotFoundError: No module named 'kafka'
[2024-02-23 12:20:45,035] {processor.py:656} WARNING - No viable dags retrieved from /opt/airflow/dags/kafka_stream.py
[2024-02-23 12:20:45,050] {processor.py:171} INFO - Processing /opt/airflow/dags/kafka_stream.py took 0.046 seconds
[2024-02-23 12:21:15,254] {processor.py:163} INFO - Started process (PID=291) to work on /opt/airflow/dags/kafka_stream.py
[2024-02-23 12:21:15,255] {processor.py:642} INFO - Processing file /opt/airflow/dags/kafka_stream.py for tasks to queue
[2024-02-23 12:21:15,256] {logging_mixin.py:109} INFO - [2024-02-23 12:21:15,255] {dagbag.py:500} INFO - Filling up the DagBag from /opt/airflow/dags/kafka_stream.py
[2024-02-23 12:21:15,266] {logging_mixin.py:109} INFO - [2024-02-23 12:21:15,265] {dagbag.py:334} ERROR - Failed to import: /opt/airflow/dags/kafka_stream.py
Traceback (most recent call last):
  File "/home/airflow/.local/lib/python3.6/site-packages/airflow/models/dagbag.py", line 331, in _load_modules_from_file
    loader.exec_module(new_module)
  File "<frozen importlib._bootstrap_external>", line 678, in exec_module
  File "<frozen importlib._bootstrap>", line 219, in _call_with_frames_removed
  File "/opt/airflow/dags/kafka_stream.py", line 13, in <module>
    from producer import stream_data
  File "/opt/airflow/dags/producer.py", line 1, in <module>
    from kafka import KafkaProducer
ModuleNotFoundError: No module named 'kafka'
[2024-02-23 12:21:15,286] {processor.py:656} WARNING - No viable dags retrieved from /opt/airflow/dags/kafka_stream.py
[2024-02-23 12:21:15,302] {processor.py:171} INFO - Processing /opt/airflow/dags/kafka_stream.py took 0.051 seconds
[2024-02-23 12:21:45,683] {processor.py:163} INFO - Started process (PID=327) to work on /opt/airflow/dags/kafka_stream.py
[2024-02-23 12:21:45,693] {processor.py:642} INFO - Processing file /opt/airflow/dags/kafka_stream.py for tasks to queue
[2024-02-23 12:21:45,694] {logging_mixin.py:109} INFO - [2024-02-23 12:21:45,694] {dagbag.py:500} INFO - Filling up the DagBag from /opt/airflow/dags/kafka_stream.py
[2024-02-23 12:21:45,731] {logging_mixin.py:109} INFO - [2024-02-23 12:21:45,730] {dagbag.py:334} ERROR - Failed to import: /opt/airflow/dags/kafka_stream.py
Traceback (most recent call last):
  File "/home/airflow/.local/lib/python3.6/site-packages/airflow/models/dagbag.py", line 331, in _load_modules_from_file
    loader.exec_module(new_module)
  File "<frozen importlib._bootstrap_external>", line 678, in exec_module
  File "<frozen importlib._bootstrap>", line 219, in _call_with_frames_removed
  File "/opt/airflow/dags/kafka_stream.py", line 13, in <module>
    from producer import stream_data
  File "/opt/airflow/dags/producer.py", line 1, in <module>
    from kafka import KafkaProducer
ModuleNotFoundError: No module named 'kafka'
[2024-02-23 12:21:45,759] {processor.py:656} WARNING - No viable dags retrieved from /opt/airflow/dags/kafka_stream.py
[2024-02-23 12:21:45,782] {processor.py:171} INFO - Processing /opt/airflow/dags/kafka_stream.py took 0.106 seconds
[2024-02-23 12:22:15,961] {processor.py:163} INFO - Started process (PID=355) to work on /opt/airflow/dags/kafka_stream.py
[2024-02-23 12:22:15,962] {processor.py:642} INFO - Processing file /opt/airflow/dags/kafka_stream.py for tasks to queue
[2024-02-23 12:22:15,962] {logging_mixin.py:109} INFO - [2024-02-23 12:22:15,962] {dagbag.py:500} INFO - Filling up the DagBag from /opt/airflow/dags/kafka_stream.py
[2024-02-23 12:22:15,970] {logging_mixin.py:109} INFO - [2024-02-23 12:22:15,969] {dagbag.py:334} ERROR - Failed to import: /opt/airflow/dags/kafka_stream.py
Traceback (most recent call last):
  File "/home/airflow/.local/lib/python3.6/site-packages/airflow/models/dagbag.py", line 331, in _load_modules_from_file
    loader.exec_module(new_module)
  File "<frozen importlib._bootstrap_external>", line 678, in exec_module
  File "<frozen importlib._bootstrap>", line 219, in _call_with_frames_removed
  File "/opt/airflow/dags/kafka_stream.py", line 13, in <module>
    from producer import stream_data
  File "/opt/airflow/dags/producer.py", line 1, in <module>
    from kafka import KafkaProducer
ModuleNotFoundError: No module named 'kafka'
[2024-02-23 12:22:15,981] {processor.py:656} WARNING - No viable dags retrieved from /opt/airflow/dags/kafka_stream.py
[2024-02-23 12:22:15,997] {processor.py:171} INFO - Processing /opt/airflow/dags/kafka_stream.py took 0.039 seconds
[2024-02-23 12:22:46,200] {processor.py:163} INFO - Started process (PID=382) to work on /opt/airflow/dags/kafka_stream.py
[2024-02-23 12:22:46,201] {processor.py:642} INFO - Processing file /opt/airflow/dags/kafka_stream.py for tasks to queue
[2024-02-23 12:22:46,202] {logging_mixin.py:109} INFO - [2024-02-23 12:22:46,202] {dagbag.py:500} INFO - Filling up the DagBag from /opt/airflow/dags/kafka_stream.py
[2024-02-23 12:22:46,214] {logging_mixin.py:109} INFO - [2024-02-23 12:22:46,213] {dagbag.py:334} ERROR - Failed to import: /opt/airflow/dags/kafka_stream.py
Traceback (most recent call last):
  File "/home/airflow/.local/lib/python3.6/site-packages/airflow/models/dagbag.py", line 331, in _load_modules_from_file
    loader.exec_module(new_module)
  File "<frozen importlib._bootstrap_external>", line 678, in exec_module
  File "<frozen importlib._bootstrap>", line 219, in _call_with_frames_removed
  File "/opt/airflow/dags/kafka_stream.py", line 13, in <module>
    from producer import stream_data
  File "/opt/airflow/dags/producer.py", line 1, in <module>
    from kafka import KafkaProducer
ModuleNotFoundError: No module named 'kafka'
[2024-02-23 12:22:46,230] {processor.py:656} WARNING - No viable dags retrieved from /opt/airflow/dags/kafka_stream.py
[2024-02-23 12:22:46,245] {processor.py:171} INFO - Processing /opt/airflow/dags/kafka_stream.py took 0.048 seconds
[2024-02-23 12:23:16,563] {processor.py:163} INFO - Started process (PID=420) to work on /opt/airflow/dags/kafka_stream.py
[2024-02-23 12:23:16,564] {processor.py:642} INFO - Processing file /opt/airflow/dags/kafka_stream.py for tasks to queue
[2024-02-23 12:23:16,565] {logging_mixin.py:109} INFO - [2024-02-23 12:23:16,565] {dagbag.py:500} INFO - Filling up the DagBag from /opt/airflow/dags/kafka_stream.py
[2024-02-23 12:23:16,599] {processor.py:654} INFO - DAG(s) dict_keys(['test_3_upadted']) retrieved from /opt/airflow/dags/kafka_stream.py
[2024-02-23 12:23:17,055] {logging_mixin.py:109} INFO - [2024-02-23 12:23:17,054] {dag.py:2396} INFO - Sync 1 DAGs
[2024-02-23 12:23:17,073] {logging_mixin.py:109} INFO - [2024-02-23 12:23:17,073] {dag.py:2935} INFO - Setting next_dagrun for test_3_upadted to 2024-02-23T00:00:00+00:00
[2024-02-23 12:23:17,107] {processor.py:171} INFO - Processing /opt/airflow/dags/kafka_stream.py took 0.546 seconds
[2024-02-23 12:23:25,766] {processor.py:163} INFO - Started process (PID=424) to work on /opt/airflow/dags/kafka_stream.py
[2024-02-23 12:23:25,766] {processor.py:642} INFO - Processing file /opt/airflow/dags/kafka_stream.py for tasks to queue
[2024-02-23 12:23:25,767] {logging_mixin.py:109} INFO - [2024-02-23 12:23:25,767] {dagbag.py:500} INFO - Filling up the DagBag from /opt/airflow/dags/kafka_stream.py
[2024-02-23 12:23:25,790] {processor.py:654} INFO - DAG(s) dict_keys(['test_3_upadted']) retrieved from /opt/airflow/dags/kafka_stream.py
[2024-02-23 12:23:25,793] {logging_mixin.py:109} INFO - [2024-02-23 12:23:25,793] {dag.py:2396} INFO - Sync 1 DAGs
[2024-02-23 12:23:25,812] {logging_mixin.py:109} INFO - [2024-02-23 12:23:25,811] {dag.py:2935} INFO - Setting next_dagrun for test_3_upadted to 2024-02-23T00:00:00+00:00
[2024-02-23 12:23:25,827] {processor.py:171} INFO - Processing /opt/airflow/dags/kafka_stream.py took 0.064 seconds
[2024-02-23 12:23:56,240] {processor.py:163} INFO - Started process (PID=460) to work on /opt/airflow/dags/kafka_stream.py
[2024-02-23 12:23:56,241] {processor.py:642} INFO - Processing file /opt/airflow/dags/kafka_stream.py for tasks to queue
[2024-02-23 12:23:56,241] {logging_mixin.py:109} INFO - [2024-02-23 12:23:56,241] {dagbag.py:500} INFO - Filling up the DagBag from /opt/airflow/dags/kafka_stream.py
[2024-02-23 12:23:56,265] {processor.py:654} INFO - DAG(s) dict_keys(['test_3_upadted']) retrieved from /opt/airflow/dags/kafka_stream.py
[2024-02-23 12:23:56,267] {logging_mixin.py:109} INFO - [2024-02-23 12:23:56,267] {dag.py:2396} INFO - Sync 1 DAGs
[2024-02-23 12:23:56,279] {logging_mixin.py:109} INFO - [2024-02-23 12:23:56,279] {dag.py:2935} INFO - Setting next_dagrun for test_3_upadted to 2024-02-23T00:00:00+00:00
[2024-02-23 12:23:56,293] {processor.py:171} INFO - Processing /opt/airflow/dags/kafka_stream.py took 0.055 seconds
[2024-02-23 12:24:26,573] {processor.py:163} INFO - Started process (PID=488) to work on /opt/airflow/dags/kafka_stream.py
[2024-02-23 12:24:26,575] {processor.py:642} INFO - Processing file /opt/airflow/dags/kafka_stream.py for tasks to queue
[2024-02-23 12:24:26,575] {logging_mixin.py:109} INFO - [2024-02-23 12:24:26,575] {dagbag.py:500} INFO - Filling up the DagBag from /opt/airflow/dags/kafka_stream.py
[2024-02-23 12:24:26,611] {processor.py:654} INFO - DAG(s) dict_keys(['test_3_upadted']) retrieved from /opt/airflow/dags/kafka_stream.py
[2024-02-23 12:24:26,866] {logging_mixin.py:109} INFO - [2024-02-23 12:24:26,866] {dag.py:2396} INFO - Sync 1 DAGs
[2024-02-23 12:24:26,891] {logging_mixin.py:109} INFO - [2024-02-23 12:24:26,891] {dag.py:2935} INFO - Setting next_dagrun for test_3_upadted to 2024-02-23T00:00:00+00:00
[2024-02-23 12:24:26,923] {processor.py:171} INFO - Processing /opt/airflow/dags/kafka_stream.py took 0.352 seconds
[2024-02-23 12:24:57,116] {processor.py:163} INFO - Started process (PID=526) to work on /opt/airflow/dags/kafka_stream.py
[2024-02-23 12:24:57,117] {processor.py:642} INFO - Processing file /opt/airflow/dags/kafka_stream.py for tasks to queue
[2024-02-23 12:24:57,117] {logging_mixin.py:109} INFO - [2024-02-23 12:24:57,117] {dagbag.py:500} INFO - Filling up the DagBag from /opt/airflow/dags/kafka_stream.py
[2024-02-23 12:24:57,169] {processor.py:654} INFO - DAG(s) dict_keys(['test_3_upadted']) retrieved from /opt/airflow/dags/kafka_stream.py
[2024-02-23 12:24:57,179] {logging_mixin.py:109} INFO - [2024-02-23 12:24:57,179] {dag.py:2396} INFO - Sync 1 DAGs
[2024-02-23 12:24:57,202] {logging_mixin.py:109} INFO - [2024-02-23 12:24:57,202] {dag.py:2935} INFO - Setting next_dagrun for test_3_upadted to 2024-02-23T00:00:00+00:00
[2024-02-23 12:24:57,218] {processor.py:171} INFO - Processing /opt/airflow/dags/kafka_stream.py took 0.105 seconds
[2024-02-23 12:25:27,529] {processor.py:163} INFO - Started process (PID=554) to work on /opt/airflow/dags/kafka_stream.py
[2024-02-23 12:25:27,530] {processor.py:642} INFO - Processing file /opt/airflow/dags/kafka_stream.py for tasks to queue
[2024-02-23 12:25:27,531] {logging_mixin.py:109} INFO - [2024-02-23 12:25:27,531] {dagbag.py:500} INFO - Filling up the DagBag from /opt/airflow/dags/kafka_stream.py
[2024-02-23 12:25:27,553] {processor.py:654} INFO - DAG(s) dict_keys(['test_3_upadted']) retrieved from /opt/airflow/dags/kafka_stream.py
[2024-02-23 12:25:27,555] {logging_mixin.py:109} INFO - [2024-02-23 12:25:27,555] {dag.py:2396} INFO - Sync 1 DAGs
[2024-02-23 12:25:27,567] {logging_mixin.py:109} INFO - [2024-02-23 12:25:27,567] {dag.py:2935} INFO - Setting next_dagrun for test_3_upadted to 2024-02-23T00:00:00+00:00
[2024-02-23 12:25:27,579] {processor.py:171} INFO - Processing /opt/airflow/dags/kafka_stream.py took 0.052 seconds
[2024-02-23 12:25:57,774] {processor.py:163} INFO - Started process (PID=593) to work on /opt/airflow/dags/kafka_stream.py
[2024-02-23 12:25:57,785] {processor.py:642} INFO - Processing file /opt/airflow/dags/kafka_stream.py for tasks to queue
[2024-02-23 12:25:57,785] {logging_mixin.py:109} INFO - [2024-02-23 12:25:57,785] {dagbag.py:500} INFO - Filling up the DagBag from /opt/airflow/dags/kafka_stream.py
[2024-02-23 12:25:57,860] {processor.py:654} INFO - DAG(s) dict_keys(['test_3_upadted']) retrieved from /opt/airflow/dags/kafka_stream.py
[2024-02-23 12:25:58,075] {logging_mixin.py:109} INFO - [2024-02-23 12:25:58,075] {dag.py:2396} INFO - Sync 1 DAGs
[2024-02-23 12:25:58,091] {logging_mixin.py:109} INFO - [2024-02-23 12:25:58,091] {dag.py:2935} INFO - Setting next_dagrun for test_3_upadted to 2024-02-23T00:00:00+00:00
[2024-02-23 12:25:58,107] {processor.py:171} INFO - Processing /opt/airflow/dags/kafka_stream.py took 0.336 seconds
[2024-02-23 12:26:23,406] {processor.py:163} INFO - Started process (PID=620) to work on /opt/airflow/dags/kafka_stream.py
[2024-02-23 12:26:23,411] {processor.py:642} INFO - Processing file /opt/airflow/dags/kafka_stream.py for tasks to queue
[2024-02-23 12:26:23,413] {logging_mixin.py:109} INFO - [2024-02-23 12:26:23,413] {dagbag.py:500} INFO - Filling up the DagBag from /opt/airflow/dags/kafka_stream.py
[2024-02-23 12:26:23,476] {processor.py:654} INFO - DAG(s) dict_keys(['kafka_stream']) retrieved from /opt/airflow/dags/kafka_stream.py
[2024-02-23 12:26:28,685] {logging_mixin.py:109} INFO - [2024-02-23 12:26:28,684] {manager.py:496} INFO - Created Permission View: can read on DAG:kafka_stream
[2024-02-23 12:26:28,696] {logging_mixin.py:109} INFO - [2024-02-23 12:26:28,696] {manager.py:496} INFO - Created Permission View: can edit on DAG:kafka_stream
[2024-02-23 12:26:28,697] {logging_mixin.py:109} INFO - [2024-02-23 12:26:28,696] {dag.py:2396} INFO - Sync 1 DAGs
[2024-02-23 12:26:28,704] {logging_mixin.py:109} INFO - [2024-02-23 12:26:28,703] {dag.py:2415} INFO - Creating ORM DAG for kafka_stream
[2024-02-23 12:26:28,713] {logging_mixin.py:109} INFO - [2024-02-23 12:26:28,712] {dag.py:2935} INFO - Setting next_dagrun for kafka_stream to 2024-02-23T00:00:00+00:00
[2024-02-23 12:26:28,727] {processor.py:171} INFO - Processing /opt/airflow/dags/kafka_stream.py took 5.335 seconds
[2024-02-23 12:26:58,800] {processor.py:163} INFO - Started process (PID=649) to work on /opt/airflow/dags/kafka_stream.py
[2024-02-23 12:26:58,801] {processor.py:642} INFO - Processing file /opt/airflow/dags/kafka_stream.py for tasks to queue
[2024-02-23 12:26:58,802] {logging_mixin.py:109} INFO - [2024-02-23 12:26:58,802] {dagbag.py:500} INFO - Filling up the DagBag from /opt/airflow/dags/kafka_stream.py
[2024-02-23 12:26:58,833] {processor.py:654} INFO - DAG(s) dict_keys(['kafka_stream']) retrieved from /opt/airflow/dags/kafka_stream.py
[2024-02-23 12:26:58,843] {logging_mixin.py:109} INFO - [2024-02-23 12:26:58,843] {dag.py:2396} INFO - Sync 1 DAGs
[2024-02-23 12:26:58,863] {logging_mixin.py:109} INFO - [2024-02-23 12:26:58,863] {dag.py:2935} INFO - Setting next_dagrun for kafka_stream to 2024-02-23T00:00:00+00:00
[2024-02-23 12:26:58,876] {processor.py:171} INFO - Processing /opt/airflow/dags/kafka_stream.py took 0.079 seconds
[2024-02-23 12:27:29,299] {processor.py:163} INFO - Started process (PID=676) to work on /opt/airflow/dags/kafka_stream.py
[2024-02-23 12:27:29,300] {processor.py:642} INFO - Processing file /opt/airflow/dags/kafka_stream.py for tasks to queue
[2024-02-23 12:27:29,301] {logging_mixin.py:109} INFO - [2024-02-23 12:27:29,301] {dagbag.py:500} INFO - Filling up the DagBag from /opt/airflow/dags/kafka_stream.py
[2024-02-23 12:27:29,333] {processor.py:654} INFO - DAG(s) dict_keys(['kafka_stream']) retrieved from /opt/airflow/dags/kafka_stream.py
[2024-02-23 12:27:29,343] {logging_mixin.py:109} INFO - [2024-02-23 12:27:29,343] {dag.py:2396} INFO - Sync 1 DAGs
[2024-02-23 12:27:29,363] {logging_mixin.py:109} INFO - [2024-02-23 12:27:29,363] {dag.py:2935} INFO - Setting next_dagrun for kafka_stream to 2024-02-23T00:00:00+00:00
[2024-02-23 12:27:29,380] {processor.py:171} INFO - Processing /opt/airflow/dags/kafka_stream.py took 0.083 seconds
[2024-02-23 12:27:59,858] {processor.py:163} INFO - Started process (PID=715) to work on /opt/airflow/dags/kafka_stream.py
[2024-02-23 12:27:59,865] {processor.py:642} INFO - Processing file /opt/airflow/dags/kafka_stream.py for tasks to queue
[2024-02-23 12:27:59,866] {logging_mixin.py:109} INFO - [2024-02-23 12:27:59,865] {dagbag.py:500} INFO - Filling up the DagBag from /opt/airflow/dags/kafka_stream.py
[2024-02-23 12:27:59,905] {processor.py:654} INFO - DAG(s) dict_keys(['kafka_stream']) retrieved from /opt/airflow/dags/kafka_stream.py
[2024-02-23 12:27:59,917] {logging_mixin.py:109} INFO - [2024-02-23 12:27:59,916] {dag.py:2396} INFO - Sync 1 DAGs
[2024-02-23 12:27:59,937] {logging_mixin.py:109} INFO - [2024-02-23 12:27:59,937] {dag.py:2935} INFO - Setting next_dagrun for kafka_stream to 2024-02-23T00:00:00+00:00
[2024-02-23 12:27:59,952] {processor.py:171} INFO - Processing /opt/airflow/dags/kafka_stream.py took 0.105 seconds
[2024-02-23 12:28:30,193] {processor.py:163} INFO - Started process (PID=744) to work on /opt/airflow/dags/kafka_stream.py
[2024-02-23 12:28:30,195] {processor.py:642} INFO - Processing file /opt/airflow/dags/kafka_stream.py for tasks to queue
[2024-02-23 12:28:30,196] {logging_mixin.py:109} INFO - [2024-02-23 12:28:30,195] {dagbag.py:500} INFO - Filling up the DagBag from /opt/airflow/dags/kafka_stream.py
[2024-02-23 12:28:30,229] {processor.py:654} INFO - DAG(s) dict_keys(['kafka_stream']) retrieved from /opt/airflow/dags/kafka_stream.py
[2024-02-23 12:28:30,240] {logging_mixin.py:109} INFO - [2024-02-23 12:28:30,240] {dag.py:2396} INFO - Sync 1 DAGs
[2024-02-23 12:28:30,262] {logging_mixin.py:109} INFO - [2024-02-23 12:28:30,262] {dag.py:2935} INFO - Setting next_dagrun for kafka_stream to 2024-02-23T00:00:00+00:00
[2024-02-23 12:28:30,278] {processor.py:171} INFO - Processing /opt/airflow/dags/kafka_stream.py took 0.088 seconds
[2024-02-23 12:29:00,391] {processor.py:163} INFO - Started process (PID=783) to work on /opt/airflow/dags/kafka_stream.py
[2024-02-23 12:29:00,392] {processor.py:642} INFO - Processing file /opt/airflow/dags/kafka_stream.py for tasks to queue
[2024-02-23 12:29:00,393] {logging_mixin.py:109} INFO - [2024-02-23 12:29:00,393] {dagbag.py:500} INFO - Filling up the DagBag from /opt/airflow/dags/kafka_stream.py
[2024-02-23 12:29:00,426] {processor.py:654} INFO - DAG(s) dict_keys(['kafka_stream']) retrieved from /opt/airflow/dags/kafka_stream.py
[2024-02-23 12:29:00,437] {logging_mixin.py:109} INFO - [2024-02-23 12:29:00,437] {dag.py:2396} INFO - Sync 1 DAGs
[2024-02-23 12:29:00,454] {logging_mixin.py:109} INFO - [2024-02-23 12:29:00,454] {dag.py:2935} INFO - Setting next_dagrun for kafka_stream to 2024-02-23T00:00:00+00:00
[2024-02-23 12:29:00,468] {processor.py:171} INFO - Processing /opt/airflow/dags/kafka_stream.py took 0.082 seconds
[2024-02-23 12:29:30,778] {processor.py:163} INFO - Started process (PID=809) to work on /opt/airflow/dags/kafka_stream.py
[2024-02-23 12:29:30,794] {processor.py:642} INFO - Processing file /opt/airflow/dags/kafka_stream.py for tasks to queue
[2024-02-23 12:29:30,794] {logging_mixin.py:109} INFO - [2024-02-23 12:29:30,794] {dagbag.py:500} INFO - Filling up the DagBag from /opt/airflow/dags/kafka_stream.py
[2024-02-23 12:29:30,877] {processor.py:654} INFO - DAG(s) dict_keys(['kafka_stream']) retrieved from /opt/airflow/dags/kafka_stream.py
[2024-02-23 12:29:30,888] {logging_mixin.py:109} INFO - [2024-02-23 12:29:30,888] {dag.py:2396} INFO - Sync 1 DAGs
[2024-02-23 12:29:30,905] {logging_mixin.py:109} INFO - [2024-02-23 12:29:30,905] {dag.py:2935} INFO - Setting next_dagrun for kafka_stream to 2024-02-23T00:00:00+00:00
[2024-02-23 12:29:30,919] {processor.py:171} INFO - Processing /opt/airflow/dags/kafka_stream.py took 0.147 seconds
[2024-02-23 12:30:01,106] {processor.py:163} INFO - Started process (PID=844) to work on /opt/airflow/dags/kafka_stream.py
[2024-02-23 12:30:01,107] {processor.py:642} INFO - Processing file /opt/airflow/dags/kafka_stream.py for tasks to queue
[2024-02-23 12:30:01,108] {logging_mixin.py:109} INFO - [2024-02-23 12:30:01,108] {dagbag.py:500} INFO - Filling up the DagBag from /opt/airflow/dags/kafka_stream.py
[2024-02-23 12:30:01,142] {processor.py:654} INFO - DAG(s) dict_keys(['kafka_stream']) retrieved from /opt/airflow/dags/kafka_stream.py
[2024-02-23 12:30:01,152] {logging_mixin.py:109} INFO - [2024-02-23 12:30:01,152] {dag.py:2396} INFO - Sync 1 DAGs
[2024-02-23 12:30:01,171] {logging_mixin.py:109} INFO - [2024-02-23 12:30:01,171] {dag.py:2935} INFO - Setting next_dagrun for kafka_stream to 2024-02-23T00:00:00+00:00
[2024-02-23 12:30:01,185] {processor.py:171} INFO - Processing /opt/airflow/dags/kafka_stream.py took 0.082 seconds
[2024-02-23 12:30:31,548] {processor.py:163} INFO - Started process (PID=876) to work on /opt/airflow/dags/kafka_stream.py
[2024-02-23 12:30:31,548] {processor.py:642} INFO - Processing file /opt/airflow/dags/kafka_stream.py for tasks to queue
[2024-02-23 12:30:31,549] {logging_mixin.py:109} INFO - [2024-02-23 12:30:31,549] {dagbag.py:500} INFO - Filling up the DagBag from /opt/airflow/dags/kafka_stream.py
[2024-02-23 12:30:31,574] {processor.py:654} INFO - DAG(s) dict_keys(['kafka_stream']) retrieved from /opt/airflow/dags/kafka_stream.py
[2024-02-23 12:30:31,581] {logging_mixin.py:109} INFO - [2024-02-23 12:30:31,581] {dag.py:2396} INFO - Sync 1 DAGs
[2024-02-23 12:30:31,594] {logging_mixin.py:109} INFO - [2024-02-23 12:30:31,594] {dag.py:2935} INFO - Setting next_dagrun for kafka_stream to 2024-02-23T00:00:00+00:00
[2024-02-23 12:30:31,608] {processor.py:171} INFO - Processing /opt/airflow/dags/kafka_stream.py took 0.063 seconds
[2024-02-23 12:31:01,784] {processor.py:163} INFO - Started process (PID=903) to work on /opt/airflow/dags/kafka_stream.py
[2024-02-23 12:31:01,785] {processor.py:642} INFO - Processing file /opt/airflow/dags/kafka_stream.py for tasks to queue
[2024-02-23 12:31:01,785] {logging_mixin.py:109} INFO - [2024-02-23 12:31:01,785] {dagbag.py:500} INFO - Filling up the DagBag from /opt/airflow/dags/kafka_stream.py
[2024-02-23 12:31:01,807] {processor.py:654} INFO - DAG(s) dict_keys(['kafka_stream']) retrieved from /opt/airflow/dags/kafka_stream.py
[2024-02-23 12:31:01,814] {logging_mixin.py:109} INFO - [2024-02-23 12:31:01,814] {dag.py:2396} INFO - Sync 1 DAGs
[2024-02-23 12:31:01,827] {logging_mixin.py:109} INFO - [2024-02-23 12:31:01,827] {dag.py:2935} INFO - Setting next_dagrun for kafka_stream to 2024-02-23T00:00:00+00:00
[2024-02-23 12:31:01,840] {processor.py:171} INFO - Processing /opt/airflow/dags/kafka_stream.py took 0.059 seconds
[2024-02-23 12:31:32,142] {processor.py:163} INFO - Started process (PID=930) to work on /opt/airflow/dags/kafka_stream.py
[2024-02-23 12:31:32,143] {processor.py:642} INFO - Processing file /opt/airflow/dags/kafka_stream.py for tasks to queue
[2024-02-23 12:31:32,144] {logging_mixin.py:109} INFO - [2024-02-23 12:31:32,144] {dagbag.py:500} INFO - Filling up the DagBag from /opt/airflow/dags/kafka_stream.py
[2024-02-23 12:31:32,166] {processor.py:654} INFO - DAG(s) dict_keys(['kafka_stream']) retrieved from /opt/airflow/dags/kafka_stream.py
[2024-02-23 12:31:32,173] {logging_mixin.py:109} INFO - [2024-02-23 12:31:32,173] {dag.py:2396} INFO - Sync 1 DAGs
[2024-02-23 12:31:32,185] {logging_mixin.py:109} INFO - [2024-02-23 12:31:32,185] {dag.py:2935} INFO - Setting next_dagrun for kafka_stream to 2024-02-23T00:00:00+00:00
[2024-02-23 12:31:32,199] {processor.py:171} INFO - Processing /opt/airflow/dags/kafka_stream.py took 0.058 seconds
[2024-02-23 12:32:02,229] {processor.py:163} INFO - Started process (PID=968) to work on /opt/airflow/dags/kafka_stream.py
[2024-02-23 12:32:02,230] {processor.py:642} INFO - Processing file /opt/airflow/dags/kafka_stream.py for tasks to queue
[2024-02-23 12:32:02,231] {logging_mixin.py:109} INFO - [2024-02-23 12:32:02,231] {dagbag.py:500} INFO - Filling up the DagBag from /opt/airflow/dags/kafka_stream.py
[2024-02-23 12:32:02,264] {processor.py:654} INFO - DAG(s) dict_keys(['kafka_stream']) retrieved from /opt/airflow/dags/kafka_stream.py
[2024-02-23 12:32:02,274] {logging_mixin.py:109} INFO - [2024-02-23 12:32:02,274] {dag.py:2396} INFO - Sync 1 DAGs
[2024-02-23 12:32:02,293] {logging_mixin.py:109} INFO - [2024-02-23 12:32:02,293] {dag.py:2935} INFO - Setting next_dagrun for kafka_stream to 2024-02-23T00:00:00+00:00
[2024-02-23 12:32:02,307] {processor.py:171} INFO - Processing /opt/airflow/dags/kafka_stream.py took 0.081 seconds
[2024-02-23 12:32:32,592] {processor.py:163} INFO - Started process (PID=996) to work on /opt/airflow/dags/kafka_stream.py
[2024-02-23 12:32:32,600] {processor.py:642} INFO - Processing file /opt/airflow/dags/kafka_stream.py for tasks to queue
[2024-02-23 12:32:32,601] {logging_mixin.py:109} INFO - [2024-02-23 12:32:32,601] {dagbag.py:500} INFO - Filling up the DagBag from /opt/airflow/dags/kafka_stream.py
[2024-02-23 12:32:32,682] {processor.py:654} INFO - DAG(s) dict_keys(['kafka_stream']) retrieved from /opt/airflow/dags/kafka_stream.py
[2024-02-23 12:32:32,713] {logging_mixin.py:109} INFO - [2024-02-23 12:32:32,713] {dag.py:2396} INFO - Sync 1 DAGs
[2024-02-23 12:32:32,759] {logging_mixin.py:109} INFO - [2024-02-23 12:32:32,758] {dag.py:2935} INFO - Setting next_dagrun for kafka_stream to 2024-02-23T00:00:00+00:00
[2024-02-23 12:32:32,784] {processor.py:171} INFO - Processing /opt/airflow/dags/kafka_stream.py took 0.209 seconds
[2024-02-23 12:33:03,043] {processor.py:163} INFO - Started process (PID=1024) to work on /opt/airflow/dags/kafka_stream.py
[2024-02-23 12:33:03,044] {processor.py:642} INFO - Processing file /opt/airflow/dags/kafka_stream.py for tasks to queue
[2024-02-23 12:33:03,045] {logging_mixin.py:109} INFO - [2024-02-23 12:33:03,045] {dagbag.py:500} INFO - Filling up the DagBag from /opt/airflow/dags/kafka_stream.py
[2024-02-23 12:33:03,073] {processor.py:654} INFO - DAG(s) dict_keys(['kafka_stream']) retrieved from /opt/airflow/dags/kafka_stream.py
[2024-02-23 12:33:03,081] {logging_mixin.py:109} INFO - [2024-02-23 12:33:03,081] {dag.py:2396} INFO - Sync 1 DAGs
[2024-02-23 12:33:03,092] {logging_mixin.py:109} INFO - [2024-02-23 12:33:03,092] {dag.py:2935} INFO - Setting next_dagrun for kafka_stream to 2024-02-23T00:00:00+00:00
[2024-02-23 12:33:03,104] {processor.py:171} INFO - Processing /opt/airflow/dags/kafka_stream.py took 0.063 seconds
[2024-02-23 12:33:33,283] {processor.py:163} INFO - Started process (PID=1062) to work on /opt/airflow/dags/kafka_stream.py
[2024-02-23 12:33:33,284] {processor.py:642} INFO - Processing file /opt/airflow/dags/kafka_stream.py for tasks to queue
[2024-02-23 12:33:33,284] {logging_mixin.py:109} INFO - [2024-02-23 12:33:33,284] {dagbag.py:500} INFO - Filling up the DagBag from /opt/airflow/dags/kafka_stream.py
[2024-02-23 12:33:33,308] {processor.py:654} INFO - DAG(s) dict_keys(['kafka_stream']) retrieved from /opt/airflow/dags/kafka_stream.py
[2024-02-23 12:33:33,316] {logging_mixin.py:109} INFO - [2024-02-23 12:33:33,316] {dag.py:2396} INFO - Sync 1 DAGs
[2024-02-23 12:33:33,331] {logging_mixin.py:109} INFO - [2024-02-23 12:33:33,331] {dag.py:2935} INFO - Setting next_dagrun for kafka_stream to 2024-02-23T00:00:00+00:00
[2024-02-23 12:33:33,344] {processor.py:171} INFO - Processing /opt/airflow/dags/kafka_stream.py took 0.063 seconds
[2024-02-23 12:34:03,515] {processor.py:163} INFO - Started process (PID=1091) to work on /opt/airflow/dags/kafka_stream.py
[2024-02-23 12:34:03,516] {processor.py:642} INFO - Processing file /opt/airflow/dags/kafka_stream.py for tasks to queue
[2024-02-23 12:34:03,516] {logging_mixin.py:109} INFO - [2024-02-23 12:34:03,516] {dagbag.py:500} INFO - Filling up the DagBag from /opt/airflow/dags/kafka_stream.py
[2024-02-23 12:34:03,540] {processor.py:654} INFO - DAG(s) dict_keys(['kafka_stream']) retrieved from /opt/airflow/dags/kafka_stream.py
[2024-02-23 12:34:03,547] {logging_mixin.py:109} INFO - [2024-02-23 12:34:03,547] {dag.py:2396} INFO - Sync 1 DAGs
[2024-02-23 12:34:03,559] {logging_mixin.py:109} INFO - [2024-02-23 12:34:03,559] {dag.py:2935} INFO - Setting next_dagrun for kafka_stream to 2024-02-23T00:00:00+00:00
[2024-02-23 12:34:03,571] {processor.py:171} INFO - Processing /opt/airflow/dags/kafka_stream.py took 0.059 seconds
[2024-02-23 12:34:33,793] {processor.py:163} INFO - Started process (PID=1128) to work on /opt/airflow/dags/kafka_stream.py
[2024-02-23 12:34:33,803] {processor.py:642} INFO - Processing file /opt/airflow/dags/kafka_stream.py for tasks to queue
[2024-02-23 12:34:33,805] {logging_mixin.py:109} INFO - [2024-02-23 12:34:33,805] {dagbag.py:500} INFO - Filling up the DagBag from /opt/airflow/dags/kafka_stream.py
[2024-02-23 12:34:33,861] {processor.py:654} INFO - DAG(s) dict_keys(['kafka_stream']) retrieved from /opt/airflow/dags/kafka_stream.py
[2024-02-23 12:34:33,878] {logging_mixin.py:109} INFO - [2024-02-23 12:34:33,878] {dag.py:2396} INFO - Sync 1 DAGs
[2024-02-23 12:34:33,929] {logging_mixin.py:109} INFO - [2024-02-23 12:34:33,928] {dag.py:2935} INFO - Setting next_dagrun for kafka_stream to 2024-02-23T00:00:00+00:00
[2024-02-23 12:34:33,957] {processor.py:171} INFO - Processing /opt/airflow/dags/kafka_stream.py took 0.173 seconds
[2024-02-23 12:35:04,045] {processor.py:163} INFO - Started process (PID=1155) to work on /opt/airflow/dags/kafka_stream.py
[2024-02-23 12:35:04,046] {processor.py:642} INFO - Processing file /opt/airflow/dags/kafka_stream.py for tasks to queue
[2024-02-23 12:35:04,046] {logging_mixin.py:109} INFO - [2024-02-23 12:35:04,046] {dagbag.py:500} INFO - Filling up the DagBag from /opt/airflow/dags/kafka_stream.py
[2024-02-23 12:35:04,069] {processor.py:654} INFO - DAG(s) dict_keys(['kafka_stream']) retrieved from /opt/airflow/dags/kafka_stream.py
[2024-02-23 12:35:04,075] {logging_mixin.py:109} INFO - [2024-02-23 12:35:04,075] {dag.py:2396} INFO - Sync 1 DAGs
[2024-02-23 12:35:04,088] {logging_mixin.py:109} INFO - [2024-02-23 12:35:04,088] {dag.py:2935} INFO - Setting next_dagrun for kafka_stream to 2024-02-23T00:00:00+00:00
[2024-02-23 12:35:04,101] {processor.py:171} INFO - Processing /opt/airflow/dags/kafka_stream.py took 0.058 seconds
[2024-02-23 12:35:34,260] {processor.py:163} INFO - Started process (PID=1183) to work on /opt/airflow/dags/kafka_stream.py
[2024-02-23 12:35:34,262] {processor.py:642} INFO - Processing file /opt/airflow/dags/kafka_stream.py for tasks to queue
[2024-02-23 12:35:34,263] {logging_mixin.py:109} INFO - [2024-02-23 12:35:34,263] {dagbag.py:500} INFO - Filling up the DagBag from /opt/airflow/dags/kafka_stream.py
[2024-02-23 12:35:34,306] {processor.py:654} INFO - DAG(s) dict_keys(['kafka_stream']) retrieved from /opt/airflow/dags/kafka_stream.py
[2024-02-23 12:35:34,317] {logging_mixin.py:109} INFO - [2024-02-23 12:35:34,317] {dag.py:2396} INFO - Sync 1 DAGs
[2024-02-23 12:35:34,345] {logging_mixin.py:109} INFO - [2024-02-23 12:35:34,345] {dag.py:2935} INFO - Setting next_dagrun for kafka_stream to 2024-02-23T00:00:00+00:00
[2024-02-23 12:35:34,361] {processor.py:171} INFO - Processing /opt/airflow/dags/kafka_stream.py took 0.111 seconds
[2024-02-23 12:36:04,549] {processor.py:163} INFO - Started process (PID=1221) to work on /opt/airflow/dags/kafka_stream.py
[2024-02-23 12:36:04,550] {processor.py:642} INFO - Processing file /opt/airflow/dags/kafka_stream.py for tasks to queue
[2024-02-23 12:36:04,551] {logging_mixin.py:109} INFO - [2024-02-23 12:36:04,550] {dagbag.py:500} INFO - Filling up the DagBag from /opt/airflow/dags/kafka_stream.py
[2024-02-23 12:36:04,582] {processor.py:654} INFO - DAG(s) dict_keys(['kafka_stream']) retrieved from /opt/airflow/dags/kafka_stream.py
[2024-02-23 12:36:04,592] {logging_mixin.py:109} INFO - [2024-02-23 12:36:04,592] {dag.py:2396} INFO - Sync 1 DAGs
[2024-02-23 12:36:04,610] {logging_mixin.py:109} INFO - [2024-02-23 12:36:04,610] {dag.py:2935} INFO - Setting next_dagrun for kafka_stream to 2024-02-23T00:00:00+00:00
[2024-02-23 12:36:04,625] {processor.py:171} INFO - Processing /opt/airflow/dags/kafka_stream.py took 0.080 seconds
[2024-02-23 12:36:34,857] {processor.py:163} INFO - Started process (PID=1248) to work on /opt/airflow/dags/kafka_stream.py
[2024-02-23 12:36:34,858] {processor.py:642} INFO - Processing file /opt/airflow/dags/kafka_stream.py for tasks to queue
[2024-02-23 12:36:34,859] {logging_mixin.py:109} INFO - [2024-02-23 12:36:34,858] {dagbag.py:500} INFO - Filling up the DagBag from /opt/airflow/dags/kafka_stream.py
[2024-02-23 12:36:34,882] {processor.py:654} INFO - DAG(s) dict_keys(['kafka_stream']) retrieved from /opt/airflow/dags/kafka_stream.py
[2024-02-23 12:36:34,889] {logging_mixin.py:109} INFO - [2024-02-23 12:36:34,889] {dag.py:2396} INFO - Sync 1 DAGs
[2024-02-23 12:36:34,901] {logging_mixin.py:109} INFO - [2024-02-23 12:36:34,901] {dag.py:2935} INFO - Setting next_dagrun for kafka_stream to 2024-02-23T00:00:00+00:00
[2024-02-23 12:36:34,913] {processor.py:171} INFO - Processing /opt/airflow/dags/kafka_stream.py took 0.058 seconds
[2024-02-23 12:37:05,070] {processor.py:163} INFO - Started process (PID=1286) to work on /opt/airflow/dags/kafka_stream.py
[2024-02-23 12:37:05,075] {processor.py:642} INFO - Processing file /opt/airflow/dags/kafka_stream.py for tasks to queue
[2024-02-23 12:37:05,076] {logging_mixin.py:109} INFO - [2024-02-23 12:37:05,076] {dagbag.py:500} INFO - Filling up the DagBag from /opt/airflow/dags/kafka_stream.py
[2024-02-23 12:37:05,109] {processor.py:654} INFO - DAG(s) dict_keys(['kafka_stream']) retrieved from /opt/airflow/dags/kafka_stream.py
[2024-02-23 12:37:05,119] {logging_mixin.py:109} INFO - [2024-02-23 12:37:05,119] {dag.py:2396} INFO - Sync 1 DAGs
[2024-02-23 12:37:05,135] {logging_mixin.py:109} INFO - [2024-02-23 12:37:05,135] {dag.py:2935} INFO - Setting next_dagrun for kafka_stream to 2024-02-23T00:00:00+00:00
[2024-02-23 12:37:05,159] {processor.py:171} INFO - Processing /opt/airflow/dags/kafka_stream.py took 0.093 seconds
