[2024-02-23 04:31:16,934] {taskinstance.py:1032} INFO - Dependencies all met for <TaskInstance: ETL_toll_data.transform_data manual__2024-02-23T04:31:14.182654+00:00 [queued]>
[2024-02-23 04:31:16,945] {taskinstance.py:1032} INFO - Dependencies all met for <TaskInstance: ETL_toll_data.transform_data manual__2024-02-23T04:31:14.182654+00:00 [queued]>
[2024-02-23 04:31:16,946] {taskinstance.py:1238} INFO - 
--------------------------------------------------------------------------------
[2024-02-23 04:31:16,946] {taskinstance.py:1239} INFO - Starting attempt 1 of 2
[2024-02-23 04:31:16,946] {taskinstance.py:1240} INFO - 
--------------------------------------------------------------------------------
[2024-02-23 04:31:16,968] {taskinstance.py:1259} INFO - Executing <Task(BashOperator): transform_data> on 2024-02-23 04:31:14.182654+00:00
[2024-02-23 04:31:16,976] {standard_task_runner.py:52} INFO - Started process 824 to run task
[2024-02-23 04:31:16,985] {standard_task_runner.py:76} INFO - Running: ['***', 'tasks', 'run', 'ETL_toll_data', 'transform_data', 'manual__2024-02-23T04:31:14.182654+00:00', '--job-id', '6', '--raw', '--subdir', 'DAGS_FOLDER/test.py', '--cfg-path', '/tmp/tmpxj4azgw7', '--error-file', '/tmp/tmpnutlf0g4']
[2024-02-23 04:31:16,986] {standard_task_runner.py:77} INFO - Job 6: Subtask transform_data
[2024-02-23 04:31:17,053] {logging_mixin.py:109} INFO - Running <TaskInstance: ETL_toll_data.transform_data manual__2024-02-23T04:31:14.182654+00:00 [running]> on host 5bc013e1bfce
[2024-02-23 04:31:17,158] {taskinstance.py:1426} INFO - Exporting the following env vars:
AIRFLOW_CTX_DAG_EMAIL=mahesh@somemail.com
AIRFLOW_CTX_DAG_OWNER=Mahesh Pathak
AIRFLOW_CTX_DAG_ID=ETL_toll_data
AIRFLOW_CTX_TASK_ID=transform_data
AIRFLOW_CTX_EXECUTION_DATE=2024-02-23T04:31:14.182654+00:00
AIRFLOW_CTX_DAG_RUN_ID=manual__2024-02-23T04:31:14.182654+00:00
[2024-02-23 04:31:17,159] {subprocess.py:62} INFO - Tmp dir root location: 
 /tmp
[2024-02-23 04:31:17,160] {subprocess.py:74} INFO - Running command: ['bash', '-c', 'echo "Transform Mahesh"']
[2024-02-23 04:31:17,184] {subprocess.py:85} INFO - Output:
[2024-02-23 04:31:17,187] {subprocess.py:89} INFO - Transform Mahesh
[2024-02-23 04:31:17,188] {subprocess.py:93} INFO - Command exited with return code 0
[2024-02-23 04:31:17,223] {taskinstance.py:1277} INFO - Marking task as SUCCESS. dag_id=ETL_toll_data, task_id=transform_data, execution_date=20240223T043114, start_date=20240223T043116, end_date=20240223T043117
[2024-02-23 04:31:17,280] {local_task_job.py:154} INFO - Task exited with return code 0
[2024-02-23 04:31:17,343] {local_task_job.py:264} INFO - 1 downstream tasks scheduled from follow-on schedule check
