[2024-02-23 12:27:13,181] {taskinstance.py:1032} INFO - Dependencies all met for <TaskInstance: kafka_stream.extract_data_from_csv manual__2024-02-23T12:27:11.553888+00:00 [queued]>
[2024-02-23 12:27:13,189] {taskinstance.py:1032} INFO - Dependencies all met for <TaskInstance: kafka_stream.extract_data_from_csv manual__2024-02-23T12:27:11.553888+00:00 [queued]>
[2024-02-23 12:27:13,189] {taskinstance.py:1238} INFO - 
--------------------------------------------------------------------------------
[2024-02-23 12:27:13,189] {taskinstance.py:1239} INFO - Starting attempt 1 of 2
[2024-02-23 12:27:13,189] {taskinstance.py:1240} INFO - 
--------------------------------------------------------------------------------
[2024-02-23 12:27:13,205] {taskinstance.py:1259} INFO - Executing <Task(BashOperator): extract_data_from_csv> on 2024-02-23 12:27:11.553888+00:00
[2024-02-23 12:27:13,213] {standard_task_runner.py:76} INFO - Running: ['***', 'tasks', 'run', 'kafka_stream', 'extract_data_from_csv', 'manual__2024-02-23T12:27:11.553888+00:00', '--job-id', '21', '--raw', '--subdir', 'DAGS_FOLDER/kafka_stream.py', '--cfg-path', '/tmp/tmpr7gytha1', '--error-file', '/tmp/tmpl17bg1l0']
[2024-02-23 12:27:13,214] {standard_task_runner.py:77} INFO - Job 21: Subtask extract_data_from_csv
[2024-02-23 12:27:13,211] {standard_task_runner.py:52} INFO - Started process 527 to run task
[2024-02-23 12:27:13,261] {logging_mixin.py:109} INFO - Running <TaskInstance: kafka_stream.extract_data_from_csv manual__2024-02-23T12:27:11.553888+00:00 [running]> on host 70c1bf2bd46a
[2024-02-23 12:27:13,320] {taskinstance.py:1426} INFO - Exporting the following env vars:
AIRFLOW_CTX_DAG_EMAIL=mahesh@somemail.com
AIRFLOW_CTX_DAG_OWNER=Mahesh Pathak
AIRFLOW_CTX_DAG_ID=kafka_stream
AIRFLOW_CTX_TASK_ID=extract_data_from_csv
AIRFLOW_CTX_EXECUTION_DATE=2024-02-23T12:27:11.553888+00:00
AIRFLOW_CTX_DAG_RUN_ID=manual__2024-02-23T12:27:11.553888+00:00
[2024-02-23 12:27:13,321] {subprocess.py:62} INFO - Tmp dir root location: 
 /tmp
[2024-02-23 12:27:13,322] {subprocess.py:74} INFO - Running command: ['bash', '-c', 'echo "Extract Mahesh"']
[2024-02-23 12:27:13,331] {subprocess.py:85} INFO - Output:
[2024-02-23 12:27:13,334] {subprocess.py:89} INFO - Extract Mahesh
[2024-02-23 12:27:13,334] {subprocess.py:93} INFO - Command exited with return code 0
[2024-02-23 12:27:13,371] {taskinstance.py:1277} INFO - Marking task as SUCCESS. dag_id=kafka_stream, task_id=extract_data_from_csv, execution_date=20240223T122711, start_date=20240223T122713, end_date=20240223T122713
[2024-02-23 12:27:13,431] {local_task_job.py:154} INFO - Task exited with return code 0
[2024-02-23 12:27:13,463] {local_task_job.py:264} INFO - 1 downstream tasks scheduled from follow-on schedule check
