[2024-02-24 04:03:44,146] {taskinstance.py:1032} INFO - Dependencies all met for <TaskInstance: kafka_stream.virtualenv_python manual__2024-02-24T04:03:40.557911+00:00 [queued]>
[2024-02-24 04:03:44,224] {taskinstance.py:1032} INFO - Dependencies all met for <TaskInstance: kafka_stream.virtualenv_python manual__2024-02-24T04:03:40.557911+00:00 [queued]>
[2024-02-24 04:03:44,225] {taskinstance.py:1238} INFO - 
--------------------------------------------------------------------------------
[2024-02-24 04:03:44,226] {taskinstance.py:1239} INFO - Starting attempt 1 of 2
[2024-02-24 04:03:44,227] {taskinstance.py:1240} INFO - 
--------------------------------------------------------------------------------
[2024-02-24 04:03:44,316] {taskinstance.py:1259} INFO - Executing <Task(PythonVirtualenvOperator): virtualenv_python> on 2024-02-24 04:03:40.557911+00:00
[2024-02-24 04:03:44,348] {standard_task_runner.py:52} INFO - Started process 406 to run task
[2024-02-24 04:03:44,379] {standard_task_runner.py:76} INFO - Running: ['***', 'tasks', 'run', 'kafka_stream', 'virtualenv_python', 'manual__2024-02-24T04:03:40.557911+00:00', '--job-id', '31', '--raw', '--subdir', 'DAGS_FOLDER/kafka_stream.py', '--cfg-path', '/tmp/tmp4ypyxinu', '--error-file', '/tmp/tmp4w052hxx']
[2024-02-24 04:03:44,381] {standard_task_runner.py:77} INFO - Job 31: Subtask virtualenv_python
[2024-02-24 04:03:44,568] {logging_mixin.py:109} INFO - Running <TaskInstance: kafka_stream.virtualenv_python manual__2024-02-24T04:03:40.557911+00:00 [running]> on host 8befa3b03ae8
[2024-02-24 04:03:44,699] {taskinstance.py:1426} INFO - Exporting the following env vars:
AIRFLOW_CTX_DAG_EMAIL=mahesh@somemail.com
AIRFLOW_CTX_DAG_OWNER=Mahesh Pathak
AIRFLOW_CTX_DAG_ID=kafka_stream
AIRFLOW_CTX_TASK_ID=virtualenv_python
AIRFLOW_CTX_EXECUTION_DATE=2024-02-24T04:03:40.557911+00:00
AIRFLOW_CTX_DAG_RUN_ID=manual__2024-02-24T04:03:40.557911+00:00
[2024-02-24 04:03:44,701] {process_utils.py:160} INFO - Executing cmd: /usr/local/bin/python -m virtualenv /tmp/venvplebxxnp
[2024-02-24 04:03:44,754] {process_utils.py:164} INFO - Output:
[2024-02-24 04:03:47,395] {process_utils.py:168} INFO - created virtual environment CPython3.6.15.final.0-64 in 1771ms
[2024-02-24 04:03:47,396] {process_utils.py:168} INFO -   creator CPython3Posix(dest=/tmp/venvplebxxnp, clear=False, no_vcs_ignore=False, global=False)
[2024-02-24 04:03:47,396] {process_utils.py:168} INFO -   seeder FromAppData(download=False, pip=bundle, setuptools=bundle, wheel=bundle, via=copy, app_data_dir=/home/***/.local/share/virtualenv)
[2024-02-24 04:03:47,397] {process_utils.py:168} INFO -     added seed packages: pip==21.3.1, setuptools==58.3.0, wheel==0.37.0
[2024-02-24 04:03:47,397] {process_utils.py:168} INFO -   activators BashActivator,CShellActivator,FishActivator,NushellActivator,PowerShellActivator,PythonActivator
[2024-02-24 04:03:47,559] {process_utils.py:160} INFO - Executing cmd: /tmp/venvplebxxnp/bin/pip install Faker kafka-python
[2024-02-24 04:03:47,606] {process_utils.py:164} INFO - Output:
[2024-02-24 04:03:52,170] {process_utils.py:168} INFO - Collecting Faker
[2024-02-24 04:03:52,221] {process_utils.py:168} INFO -   Using cached Faker-14.2.1-py3-none-any.whl (1.6 MB)
[2024-02-24 04:03:52,392] {process_utils.py:168} INFO - Collecting kafka-python
[2024-02-24 04:03:52,416] {process_utils.py:168} INFO -   Using cached kafka_python-2.0.2-py2.py3-none-any.whl (246 kB)
[2024-02-24 04:03:52,567] {process_utils.py:168} INFO - Collecting typing-extensions>=3.7.4.3
[2024-02-24 04:03:52,587] {process_utils.py:168} INFO -   Using cached typing_extensions-4.1.1-py3-none-any.whl (26 kB)
[2024-02-24 04:03:52,696] {process_utils.py:168} INFO - Collecting python-dateutil>=2.4
[2024-02-24 04:03:52,710] {process_utils.py:168} INFO -   Using cached python_dateutil-2.8.2-py2.py3-none-any.whl (247 kB)
[2024-02-24 04:03:52,840] {process_utils.py:168} INFO - Collecting six>=1.5
[2024-02-24 04:03:52,845] {process_utils.py:168} INFO -   Using cached six-1.16.0-py2.py3-none-any.whl (11 kB)
[2024-02-24 04:03:52,919] {process_utils.py:168} INFO - Installing collected packages: six, typing-extensions, python-dateutil, kafka-python, Faker
[2024-02-24 04:03:55,721] {process_utils.py:168} INFO - Successfully installed Faker-14.2.1 kafka-python-2.0.2 python-dateutil-2.8.2 six-1.16.0 typing-extensions-4.1.1
[2024-02-24 04:03:56,262] {process_utils.py:160} INFO - Executing cmd: /tmp/venvplebxxnp/bin/python /tmp/venvplebxxnp/script.py /tmp/venvplebxxnp/script.in /tmp/venvplebxxnp/script.out /tmp/venvplebxxnp/string_args.txt
[2024-02-24 04:03:56,275] {process_utils.py:164} INFO - Output:
[2024-02-24 04:04:58,269] {process_utils.py:168} INFO - {'name': 'Shawn Galvan', 'address': '126 Gonzales Stream\nPort Stevenside, OK 42163', 'created_at': '2018'}
[2024-02-24 04:04:58,269] {process_utils.py:168} INFO - {'name': 'Brian Smith', 'address': '77398 Wallace Circles Suite 277\nLewisborough, VT 61040', 'created_at': '2012'}
[2024-02-24 04:04:58,270] {process_utils.py:168} INFO - {'name': 'Frank Hinton', 'address': '9423 Reid Brooks Suite 041\nEast Virginialand, AL 29317', 'created_at': '1990'}
[2024-02-24 04:04:58,270] {process_utils.py:168} INFO - {'name': 'Lori Green', 'address': '605 Jason Shoal\nSarahbury, TX 31156', 'created_at': '2013'}
[2024-02-24 04:04:58,271] {process_utils.py:168} INFO - {'name': 'Dawn Gonzalez MD', 'address': '467 Powell Ports Suite 269\nNorth Cheyenne, AR 80379', 'created_at': '2010'}
[2024-02-24 04:04:58,271] {process_utils.py:168} INFO - {'name': 'Shannon Madden', 'address': '61888 Harris Neck Apt. 879\nWest Robert, MS 61639', 'created_at': '1980'}
[2024-02-24 04:04:58,271] {process_utils.py:168} INFO - {'name': 'Courtney Hartman', 'address': '88344 Sharon Port Apt. 900\nWest Luisborough, CO 24595', 'created_at': '1995'}
[2024-02-24 04:04:58,272] {process_utils.py:168} INFO - {'name': 'Julie Wise', 'address': '60190 Montgomery Rue\nKristinside, VT 69651', 'created_at': '1978'}
[2024-02-24 04:04:58,273] {process_utils.py:168} INFO - {'name': 'Justin Nguyen', 'address': '716 Tyler Street Apt. 151\nDeborahshire, OR 44524', 'created_at': '1985'}
[2024-02-24 04:04:58,274] {process_utils.py:168} INFO - {'name': 'Alexander Young', 'address': '163 Lauren Ramp Apt. 027\nLake Susan, RI 98210', 'created_at': '2012'}
[2024-02-24 04:04:58,275] {process_utils.py:168} INFO - {'name': 'Mr. Joseph Blake', 'address': '577 Coleman Pine\nLake William, CA 85049', 'created_at': '1998'}
[2024-02-24 04:04:58,278] {process_utils.py:168} INFO - {'name': 'Cynthia Villarreal', 'address': 'PSC 8259, Box 1824\nAPO AA 99384', 'created_at': '2007'}
[2024-02-24 04:04:58,278] {process_utils.py:168} INFO - {'name': 'David Anderson', 'address': '653 Lauren Locks\nPort Georgefurt, AR 36636', 'created_at': '2019'}
[2024-02-24 04:04:58,279] {process_utils.py:168} INFO - {'name': 'Andrea Adams', 'address': 'PSC 3283, Box 6511\nAPO AP 84404', 'created_at': '1991'}
[2024-02-24 04:04:58,294] {process_utils.py:168} INFO - {'name': 'Lauren Sampson', 'address': '414 Jessica Port Suite 845\nWest Robertbury, MT 71377', 'created_at': '2006'}
[2024-02-24 04:04:58,841] {python.py:175} INFO - Done. Returned value was: None
[2024-02-24 04:04:58,868] {taskinstance.py:1277} INFO - Marking task as SUCCESS. dag_id=kafka_stream, task_id=virtualenv_python, execution_date=20240224T040340, start_date=20240224T040344, end_date=20240224T040458
[2024-02-24 04:04:58,917] {local_task_job.py:154} INFO - Task exited with return code 0
[2024-02-24 04:04:58,983] {local_task_job.py:264} INFO - 0 downstream tasks scheduled from follow-on schedule check
