[2024-02-23 04:31:15,719] {taskinstance.py:1032} INFO - Dependencies all met for <TaskInstance: ETL_toll_data.extract_data_from_csv manual__2024-02-23T04:31:14.182654+00:00 [queued]>
[2024-02-23 04:31:15,727] {taskinstance.py:1032} INFO - Dependencies all met for <TaskInstance: ETL_toll_data.extract_data_from_csv manual__2024-02-23T04:31:14.182654+00:00 [queued]>
[2024-02-23 04:31:15,727] {taskinstance.py:1238} INFO - 
--------------------------------------------------------------------------------
[2024-02-23 04:31:15,728] {taskinstance.py:1239} INFO - Starting attempt 1 of 2
[2024-02-23 04:31:15,728] {taskinstance.py:1240} INFO - 
--------------------------------------------------------------------------------
[2024-02-23 04:31:15,753] {taskinstance.py:1259} INFO - Executing <Task(BashOperator): extract_data_from_csv> on 2024-02-23 04:31:14.182654+00:00
[2024-02-23 04:31:15,761] {standard_task_runner.py:76} INFO - Running: ['***', 'tasks', 'run', 'ETL_toll_data', 'extract_data_from_csv', 'manual__2024-02-23T04:31:14.182654+00:00', '--job-id', '5', '--raw', '--subdir', 'DAGS_FOLDER/test.py', '--cfg-path', '/tmp/tmp89upsb5q', '--error-file', '/tmp/tmpz9yem9bg']
[2024-02-23 04:31:15,761] {standard_task_runner.py:77} INFO - Job 5: Subtask extract_data_from_csv
[2024-02-23 04:31:15,758] {standard_task_runner.py:52} INFO - Started process 810 to run task
[2024-02-23 04:31:15,804] {logging_mixin.py:109} INFO - Running <TaskInstance: ETL_toll_data.extract_data_from_csv manual__2024-02-23T04:31:14.182654+00:00 [running]> on host 5bc013e1bfce
[2024-02-23 04:31:15,935] {taskinstance.py:1426} INFO - Exporting the following env vars:
AIRFLOW_CTX_DAG_EMAIL=mahesh@somemail.com
AIRFLOW_CTX_DAG_OWNER=Mahesh Pathak
AIRFLOW_CTX_DAG_ID=ETL_toll_data
AIRFLOW_CTX_TASK_ID=extract_data_from_csv
AIRFLOW_CTX_EXECUTION_DATE=2024-02-23T04:31:14.182654+00:00
AIRFLOW_CTX_DAG_RUN_ID=manual__2024-02-23T04:31:14.182654+00:00
[2024-02-23 04:31:15,936] {subprocess.py:62} INFO - Tmp dir root location: 
 /tmp
[2024-02-23 04:31:15,937] {subprocess.py:74} INFO - Running command: ['bash', '-c', 'echo "Extract Mahesh"']
[2024-02-23 04:31:15,952] {subprocess.py:85} INFO - Output:
[2024-02-23 04:31:15,955] {subprocess.py:89} INFO - Extract Mahesh
[2024-02-23 04:31:15,956] {subprocess.py:93} INFO - Command exited with return code 0
[2024-02-23 04:31:16,001] {taskinstance.py:1277} INFO - Marking task as SUCCESS. dag_id=ETL_toll_data, task_id=extract_data_from_csv, execution_date=20240223T043114, start_date=20240223T043115, end_date=20240223T043116
[2024-02-23 04:31:16,059] {local_task_job.py:154} INFO - Task exited with return code 0
[2024-02-23 04:31:16,226] {local_task_job.py:264} INFO - 1 downstream tasks scheduled from follow-on schedule check
