[2024-02-24 11:27:24,442] {taskinstance.py:1032} INFO - Dependencies all met for <TaskInstance: kafka_stream.virtualenv_python manual__2024-02-24T11:27:19.966758+00:00 [queued]>
[2024-02-24 11:27:24,482] {taskinstance.py:1032} INFO - Dependencies all met for <TaskInstance: kafka_stream.virtualenv_python manual__2024-02-24T11:27:19.966758+00:00 [queued]>
[2024-02-24 11:27:24,483] {taskinstance.py:1238} INFO - 
--------------------------------------------------------------------------------
[2024-02-24 11:27:24,483] {taskinstance.py:1239} INFO - Starting attempt 1 of 2
[2024-02-24 11:27:24,484] {taskinstance.py:1240} INFO - 
--------------------------------------------------------------------------------
[2024-02-24 11:27:24,544] {taskinstance.py:1259} INFO - Executing <Task(PythonVirtualenvOperator): virtualenv_python> on 2024-02-24 11:27:19.966758+00:00
[2024-02-24 11:27:24,579] {standard_task_runner.py:76} INFO - Running: ['***', 'tasks', 'run', 'kafka_stream', 'virtualenv_python', 'manual__2024-02-24T11:27:19.966758+00:00', '--job-id', '42', '--raw', '--subdir', 'DAGS_FOLDER/kafka_stream.py', '--cfg-path', '/tmp/tmp3n71ghfs', '--error-file', '/tmp/tmpol5iqg19']
[2024-02-24 11:27:24,588] {standard_task_runner.py:77} INFO - Job 42: Subtask virtualenv_python
[2024-02-24 11:27:24,575] {standard_task_runner.py:52} INFO - Started process 135 to run task
[2024-02-24 11:27:24,701] {logging_mixin.py:109} INFO - Running <TaskInstance: kafka_stream.virtualenv_python manual__2024-02-24T11:27:19.966758+00:00 [running]> on host affb77782f2a
[2024-02-24 11:27:24,792] {taskinstance.py:1426} INFO - Exporting the following env vars:
AIRFLOW_CTX_DAG_EMAIL=mahesh@somemail.com
AIRFLOW_CTX_DAG_OWNER=Mahesh Pathak
AIRFLOW_CTX_DAG_ID=kafka_stream
AIRFLOW_CTX_TASK_ID=virtualenv_python
AIRFLOW_CTX_EXECUTION_DATE=2024-02-24T11:27:19.966758+00:00
AIRFLOW_CTX_DAG_RUN_ID=manual__2024-02-24T11:27:19.966758+00:00
[2024-02-24 11:27:24,794] {process_utils.py:160} INFO - Executing cmd: /usr/local/bin/python -m virtualenv /tmp/venv8vj6agij
[2024-02-24 11:27:24,814] {process_utils.py:164} INFO - Output:
[2024-02-24 11:27:28,791] {process_utils.py:168} INFO - created virtual environment CPython3.6.15.final.0-64 in 2657ms
[2024-02-24 11:27:28,792] {process_utils.py:168} INFO -   creator CPython3Posix(dest=/tmp/venv8vj6agij, clear=False, no_vcs_ignore=False, global=False)
[2024-02-24 11:27:28,793] {process_utils.py:168} INFO -   seeder FromAppData(download=False, pip=bundle, setuptools=bundle, wheel=bundle, via=copy, app_data_dir=/home/***/.local/share/virtualenv)
[2024-02-24 11:27:28,793] {process_utils.py:168} INFO -     added seed packages: pip==21.3.1, setuptools==58.3.0, wheel==0.37.0
[2024-02-24 11:27:28,794] {process_utils.py:168} INFO -   activators BashActivator,CShellActivator,FishActivator,NushellActivator,PowerShellActivator,PythonActivator
[2024-02-24 11:27:28,935] {process_utils.py:160} INFO - Executing cmd: /tmp/venv8vj6agij/bin/pip install Faker kafka-python
[2024-02-24 11:27:28,965] {process_utils.py:164} INFO - Output:
[2024-02-24 11:27:36,725] {process_utils.py:168} INFO - Collecting Faker
[2024-02-24 11:27:36,973] {process_utils.py:168} INFO -   Downloading Faker-14.2.1-py3-none-any.whl (1.6 MB)
[2024-02-24 11:27:37,818] {process_utils.py:168} INFO - Collecting kafka-python
[2024-02-24 11:27:37,930] {process_utils.py:168} INFO -   Downloading kafka_python-2.0.2-py2.py3-none-any.whl (246 kB)
[2024-02-24 11:27:38,655] {process_utils.py:168} INFO - Collecting typing-extensions>=3.7.4.3
[2024-02-24 11:27:38,736] {process_utils.py:168} INFO -   Downloading typing_extensions-4.1.1-py3-none-any.whl (26 kB)
[2024-02-24 11:27:39,057] {process_utils.py:168} INFO - Collecting python-dateutil>=2.4
[2024-02-24 11:27:39,155] {process_utils.py:168} INFO -   Downloading python_dateutil-2.8.2-py2.py3-none-any.whl (247 kB)
[2024-02-24 11:27:39,511] {process_utils.py:168} INFO - Collecting six>=1.5
[2024-02-24 11:27:39,578] {process_utils.py:168} INFO -   Downloading six-1.16.0-py2.py3-none-any.whl (11 kB)
[2024-02-24 11:27:39,837] {process_utils.py:168} INFO - Installing collected packages: six, typing-extensions, python-dateutil, kafka-python, Faker
[2024-02-24 11:27:45,930] {process_utils.py:168} INFO - Successfully installed Faker-14.2.1 kafka-python-2.0.2 python-dateutil-2.8.2 six-1.16.0 typing-extensions-4.1.1
[2024-02-24 11:27:47,195] {process_utils.py:160} INFO - Executing cmd: /tmp/venv8vj6agij/bin/python /tmp/venv8vj6agij/script.py /tmp/venv8vj6agij/script.in /tmp/venv8vj6agij/script.out /tmp/venv8vj6agij/string_args.txt
[2024-02-24 11:27:47,222] {process_utils.py:164} INFO - Output:
[2024-02-24 11:28:49,778] {process_utils.py:168} INFO - {'name': 'Kenneth Clarke', 'address': '38429 Wilson Court Suite 454\nNorth Gloriatown, MT 04902', 'created_at': '1983'}
[2024-02-24 11:28:49,778] {process_utils.py:168} INFO - {'name': 'Stephen Gibson', 'address': '56977 Katherine Ridge Apt. 140\nRobertostad, MA 07925', 'created_at': '1977'}
[2024-02-24 11:28:49,779] {process_utils.py:168} INFO - {'name': 'Kevin Haynes', 'address': '367 Alicia Highway Suite 217\nHernandezberg, KS 05944', 'created_at': '1995'}
[2024-02-24 11:28:49,779] {process_utils.py:168} INFO - {'name': 'Mr. Ryan Coleman', 'address': 'PSC 5992, Box 5759\nAPO AA 04389', 'created_at': '2019'}
[2024-02-24 11:28:49,780] {process_utils.py:168} INFO - {'name': 'Colleen Wade', 'address': '47811 Miller Fields\nMichellefort, UT 62930', 'created_at': '1983'}
[2024-02-24 11:28:49,780] {process_utils.py:168} INFO - {'name': 'John Wallace', 'address': '8545 Reynolds Flat Apt. 198\nLake Josephmouth, AR 94855', 'created_at': '1985'}
[2024-02-24 11:28:49,781] {process_utils.py:168} INFO - {'name': 'Samantha Ibarra', 'address': '8335 Garrett Crescent\nChrisville, WI 71400', 'created_at': '2022'}
[2024-02-24 11:28:49,781] {process_utils.py:168} INFO - {'name': 'Laura Wright', 'address': '9810 Anthony Creek Apt. 669\nHowardton, ME 51527', 'created_at': '1994'}
[2024-02-24 11:28:49,782] {process_utils.py:168} INFO - {'name': 'Roberta Robinson', 'address': '9278 Sarah Trail\nBushview, VA 41244', 'created_at': '1987'}
[2024-02-24 11:28:49,782] {process_utils.py:168} INFO - {'name': 'Tiffany Garcia', 'address': '9665 Jasmine Mountains\nNorth Frederickbury, MT 37802', 'created_at': '1970'}
[2024-02-24 11:28:49,783] {process_utils.py:168} INFO - {'name': 'Donald Savage', 'address': '24157 William Shoal\nMurphybury, HI 37453', 'created_at': '2013'}
[2024-02-24 11:28:49,783] {process_utils.py:168} INFO - {'name': 'Jonathon Griffin', 'address': '71982 Julian Causeway\nNorth Shawntown, VA 28852', 'created_at': '2017'}
[2024-02-24 11:28:49,784] {process_utils.py:168} INFO - {'name': 'Sabrina Payne', 'address': '564 Rios Station Apt. 201\nNew Christopherton, RI 66529', 'created_at': '1997'}
[2024-02-24 11:28:49,784] {process_utils.py:168} INFO - {'name': 'Tom Rodriguez', 'address': '1097 Emily Courts Apt. 062\nLake Josephton, CO 71253', 'created_at': '1993'}
[2024-02-24 11:28:49,785] {process_utils.py:168} INFO - {'name': 'Dana Ray', 'address': '021 Craig Crescent Apt. 305\nKennethside, SD 76326', 'created_at': '2011'}
[2024-02-24 11:28:50,031] {python.py:175} INFO - Done. Returned value was: None
[2024-02-24 11:28:50,044] {taskinstance.py:1277} INFO - Marking task as SUCCESS. dag_id=kafka_stream, task_id=virtualenv_python, execution_date=20240224T112719, start_date=20240224T112724, end_date=20240224T112850
[2024-02-24 11:28:50,106] {local_task_job.py:154} INFO - Task exited with return code 0
[2024-02-24 11:28:50,156] {local_task_job.py:264} INFO - 0 downstream tasks scheduled from follow-on schedule check
