[2024-02-24 04:03:16,273] {taskinstance.py:1032} INFO - Dependencies all met for <TaskInstance: kafka_stream.virtualenv_python scheduled__2024-02-23T00:00:00+00:00 [queued]>
[2024-02-24 04:03:16,280] {taskinstance.py:1032} INFO - Dependencies all met for <TaskInstance: kafka_stream.virtualenv_python scheduled__2024-02-23T00:00:00+00:00 [queued]>
[2024-02-24 04:03:16,280] {taskinstance.py:1238} INFO - 
--------------------------------------------------------------------------------
[2024-02-24 04:03:16,280] {taskinstance.py:1239} INFO - Starting attempt 2 of 2
[2024-02-24 04:03:16,280] {taskinstance.py:1240} INFO - 
--------------------------------------------------------------------------------
[2024-02-24 04:03:16,295] {taskinstance.py:1259} INFO - Executing <Task(PythonVirtualenvOperator): virtualenv_python> on 2024-02-23 00:00:00+00:00
[2024-02-24 04:03:16,303] {standard_task_runner.py:76} INFO - Running: ['***', 'tasks', 'run', 'kafka_stream', 'virtualenv_python', 'scheduled__2024-02-23T00:00:00+00:00', '--job-id', '29', '--raw', '--subdir', 'DAGS_FOLDER/kafka_stream.py', '--cfg-path', '/tmp/tmps0xeg656', '--error-file', '/tmp/tmpu4mgcf7o']
[2024-02-24 04:03:16,304] {standard_task_runner.py:77} INFO - Job 29: Subtask virtualenv_python
[2024-02-24 04:03:16,300] {standard_task_runner.py:52} INFO - Started process 364 to run task
[2024-02-24 04:03:16,351] {logging_mixin.py:109} INFO - Running <TaskInstance: kafka_stream.virtualenv_python scheduled__2024-02-23T00:00:00+00:00 [running]> on host 8befa3b03ae8
[2024-02-24 04:03:16,433] {taskinstance.py:1426} INFO - Exporting the following env vars:
AIRFLOW_CTX_DAG_EMAIL=mahesh@somemail.com
AIRFLOW_CTX_DAG_OWNER=Mahesh Pathak
AIRFLOW_CTX_DAG_ID=kafka_stream
AIRFLOW_CTX_TASK_ID=virtualenv_python
AIRFLOW_CTX_EXECUTION_DATE=2024-02-23T00:00:00+00:00
AIRFLOW_CTX_DAG_RUN_ID=scheduled__2024-02-23T00:00:00+00:00
[2024-02-24 04:03:16,434] {process_utils.py:160} INFO - Executing cmd: /usr/local/bin/python -m virtualenv /tmp/venv3wy0qcfs
[2024-02-24 04:03:16,450] {process_utils.py:164} INFO - Output:
[2024-02-24 04:03:18,247] {process_utils.py:168} INFO - created virtual environment CPython3.6.15.final.0-64 in 1250ms
[2024-02-24 04:03:18,248] {process_utils.py:168} INFO -   creator CPython3Posix(dest=/tmp/venv3wy0qcfs, clear=False, no_vcs_ignore=False, global=False)
[2024-02-24 04:03:18,248] {process_utils.py:168} INFO -   seeder FromAppData(download=False, pip=bundle, setuptools=bundle, wheel=bundle, via=copy, app_data_dir=/home/***/.local/share/virtualenv)
[2024-02-24 04:03:18,248] {process_utils.py:168} INFO -     added seed packages: pip==21.3.1, setuptools==58.3.0, wheel==0.37.0
[2024-02-24 04:03:18,249] {process_utils.py:168} INFO -   activators BashActivator,CShellActivator,FishActivator,NushellActivator,PowerShellActivator,PythonActivator
[2024-02-24 04:03:18,270] {process_utils.py:160} INFO - Executing cmd: /tmp/venv3wy0qcfs/bin/pip install Faker kafka-python
[2024-02-24 04:03:18,282] {process_utils.py:164} INFO - Output:
[2024-02-24 04:03:21,676] {process_utils.py:168} INFO - Collecting Faker
[2024-02-24 04:03:21,731] {process_utils.py:168} INFO -   Using cached Faker-14.2.1-py3-none-any.whl (1.6 MB)
[2024-02-24 04:03:22,079] {process_utils.py:168} INFO - Collecting kafka-python
[2024-02-24 04:03:22,110] {process_utils.py:168} INFO -   Using cached kafka_python-2.0.2-py2.py3-none-any.whl (246 kB)
[2024-02-24 04:03:22,273] {process_utils.py:168} INFO - Collecting typing-extensions>=3.7.4.3
[2024-02-24 04:03:22,283] {process_utils.py:168} INFO -   Using cached typing_extensions-4.1.1-py3-none-any.whl (26 kB)
[2024-02-24 04:03:22,480] {process_utils.py:168} INFO - Collecting python-dateutil>=2.4
[2024-02-24 04:03:22,486] {process_utils.py:168} INFO -   Using cached python_dateutil-2.8.2-py2.py3-none-any.whl (247 kB)
[2024-02-24 04:03:22,702] {process_utils.py:168} INFO - Collecting six>=1.5
[2024-02-24 04:03:22,729] {process_utils.py:168} INFO -   Using cached six-1.16.0-py2.py3-none-any.whl (11 kB)
[2024-02-24 04:03:23,035] {process_utils.py:168} INFO - Installing collected packages: six, typing-extensions, python-dateutil, kafka-python, Faker
[2024-02-24 04:03:27,833] {process_utils.py:168} INFO - Successfully installed Faker-14.2.1 kafka-python-2.0.2 python-dateutil-2.8.2 six-1.16.0 typing-extensions-4.1.1
[2024-02-24 04:03:29,161] {process_utils.py:160} INFO - Executing cmd: /tmp/venv3wy0qcfs/bin/python /tmp/venv3wy0qcfs/script.py /tmp/venv3wy0qcfs/script.in /tmp/venv3wy0qcfs/script.out /tmp/venv3wy0qcfs/string_args.txt
[2024-02-24 04:03:29,224] {process_utils.py:164} INFO - Output:
[2024-02-24 04:04:33,489] {process_utils.py:168} INFO - {'name': 'David Kelly', 'address': 'Unit 5061 Box 4185\nDPO AE 35609', 'created_at': '1973'}
[2024-02-24 04:04:33,493] {process_utils.py:168} INFO - {'name': 'Sherry Pace', 'address': '861 Jimenez Springs\nLake Williamborough, MI 43615', 'created_at': '1983'}
[2024-02-24 04:04:33,495] {process_utils.py:168} INFO - {'name': 'Chad Mercado', 'address': '73917 Sherry Trace Apt. 647\nNew Jerry, AZ 89002', 'created_at': '1977'}
[2024-02-24 04:04:33,496] {process_utils.py:168} INFO - {'name': 'Alan Wilson', 'address': '3872 Burns Bridge Suite 526\nPort Angela, ND 05835', 'created_at': '1985'}
[2024-02-24 04:04:33,497] {process_utils.py:168} INFO - {'name': 'Diane Duarte', 'address': '3025 Jason Place Suite 368\nMarkshire, ME 24613', 'created_at': '2000'}
[2024-02-24 04:04:33,497] {process_utils.py:168} INFO - {'name': 'Leslie Hernandez', 'address': '3136 Fuentes Center\nEast Sharonside, DC 56161', 'created_at': '2023'}
[2024-02-24 04:04:33,498] {process_utils.py:168} INFO - {'name': 'Kathryn Perry', 'address': '58894 Thomas Tunnel Apt. 015\nEast Markfurt, AK 73441', 'created_at': '2000'}
[2024-02-24 04:04:33,499] {process_utils.py:168} INFO - {'name': 'Brandi Mcgee', 'address': '638 Angela Manors\nLeachfort, TN 06466', 'created_at': '2012'}
[2024-02-24 04:04:33,499] {process_utils.py:168} INFO - {'name': 'Erika Chambers', 'address': 'PSC 5805, Box 7106\nAPO AE 42879', 'created_at': '2014'}
[2024-02-24 04:04:33,500] {process_utils.py:168} INFO - {'name': 'Kevin Montgomery', 'address': '43730 Johnson Divide Apt. 128\nSouth Bryanport, ME 55484', 'created_at': '2012'}
[2024-02-24 04:04:33,501] {process_utils.py:168} INFO - {'name': 'Ashley Rowe', 'address': '983 Terri Fall\nSouth Stacey, IA 72637', 'created_at': '1985'}
[2024-02-24 04:04:33,504] {process_utils.py:168} INFO - {'name': 'Christopher Garcia', 'address': '3621 Bryant Plaza Apt. 895\nLyonsside, ND 64554', 'created_at': '2008'}
[2024-02-24 04:04:33,504] {process_utils.py:168} INFO - {'name': 'Anthony Clark', 'address': '091 Nathan Drives Apt. 005\nEast Leah, NH 98562', 'created_at': '2005'}
[2024-02-24 04:04:33,505] {process_utils.py:168} INFO - {'name': 'Carolyn Johnson', 'address': 'USCGC Snow\nFPO AE 66248', 'created_at': '1992'}
[2024-02-24 04:04:33,505] {process_utils.py:168} INFO - {'name': 'Katherine Kelly', 'address': 'Unit 9202 Box 5928\nDPO AP 23230', 'created_at': '1972'}
[2024-02-24 04:04:34,780] {python.py:175} INFO - Done. Returned value was: None
[2024-02-24 04:04:34,799] {taskinstance.py:1277} INFO - Marking task as SUCCESS. dag_id=kafka_stream, task_id=virtualenv_python, execution_date=20240223T000000, start_date=20240224T040316, end_date=20240224T040434
[2024-02-24 04:04:34,885] {local_task_job.py:154} INFO - Task exited with return code 0
[2024-02-24 04:04:34,930] {local_task_job.py:264} INFO - 0 downstream tasks scheduled from follow-on schedule check
