[2024-02-24 06:10:48,416] {taskinstance.py:1032} INFO - Dependencies all met for <TaskInstance: kafka_stream.extract_data_from_csv manual__2024-02-24T06:10:46.099759+00:00 [queued]>
[2024-02-24 06:10:48,438] {taskinstance.py:1032} INFO - Dependencies all met for <TaskInstance: kafka_stream.extract_data_from_csv manual__2024-02-24T06:10:46.099759+00:00 [queued]>
[2024-02-24 06:10:48,439] {taskinstance.py:1238} INFO - 
--------------------------------------------------------------------------------
[2024-02-24 06:10:48,439] {taskinstance.py:1239} INFO - Starting attempt 1 of 2
[2024-02-24 06:10:48,440] {taskinstance.py:1240} INFO - 
--------------------------------------------------------------------------------
[2024-02-24 06:10:48,465] {taskinstance.py:1259} INFO - Executing <Task(BashOperator): extract_data_from_csv> on 2024-02-24 06:10:46.099759+00:00
[2024-02-24 06:10:48,478] {standard_task_runner.py:76} INFO - Running: ['***', 'tasks', 'run', 'kafka_stream', 'extract_data_from_csv', 'manual__2024-02-24T06:10:46.099759+00:00', '--job-id', '33', '--raw', '--subdir', 'DAGS_FOLDER/kafka_stream.py', '--cfg-path', '/tmp/tmpdkv21642', '--error-file', '/tmp/tmpgfwjnmm3']
[2024-02-24 06:10:48,478] {standard_task_runner.py:77} INFO - Job 33: Subtask extract_data_from_csv
[2024-02-24 06:10:48,475] {standard_task_runner.py:52} INFO - Started process 362 to run task
[2024-02-24 06:10:48,583] {logging_mixin.py:109} INFO - Running <TaskInstance: kafka_stream.extract_data_from_csv manual__2024-02-24T06:10:46.099759+00:00 [running]> on host 7f685da887db
[2024-02-24 06:10:48,760] {taskinstance.py:1426} INFO - Exporting the following env vars:
AIRFLOW_CTX_DAG_EMAIL=mahesh@somemail.com
AIRFLOW_CTX_DAG_OWNER=Mahesh Pathak
AIRFLOW_CTX_DAG_ID=kafka_stream
AIRFLOW_CTX_TASK_ID=extract_data_from_csv
AIRFLOW_CTX_EXECUTION_DATE=2024-02-24T06:10:46.099759+00:00
AIRFLOW_CTX_DAG_RUN_ID=manual__2024-02-24T06:10:46.099759+00:00
[2024-02-24 06:10:48,763] {subprocess.py:62} INFO - Tmp dir root location: 
 /tmp
[2024-02-24 06:10:48,764] {subprocess.py:74} INFO - Running command: ['bash', '-c', 'echo "Extract Mahesh"']
[2024-02-24 06:10:48,802] {subprocess.py:85} INFO - Output:
[2024-02-24 06:10:48,805] {subprocess.py:89} INFO - Extract Mahesh
[2024-02-24 06:10:48,807] {subprocess.py:93} INFO - Command exited with return code 0
[2024-02-24 06:10:48,850] {taskinstance.py:1277} INFO - Marking task as SUCCESS. dag_id=kafka_stream, task_id=extract_data_from_csv, execution_date=20240224T061046, start_date=20240224T061048, end_date=20240224T061048
[2024-02-24 06:10:48,912] {local_task_job.py:154} INFO - Task exited with return code 0
[2024-02-24 06:10:48,955] {local_task_job.py:264} INFO - 1 downstream tasks scheduled from follow-on schedule check
