[2024-02-24 04:03:42,194] {taskinstance.py:1032} INFO - Dependencies all met for <TaskInstance: kafka_stream.extract_data_from_csv manual__2024-02-24T04:03:40.557911+00:00 [queued]>
[2024-02-24 04:03:42,231] {taskinstance.py:1032} INFO - Dependencies all met for <TaskInstance: kafka_stream.extract_data_from_csv manual__2024-02-24T04:03:40.557911+00:00 [queued]>
[2024-02-24 04:03:42,231] {taskinstance.py:1238} INFO - 
--------------------------------------------------------------------------------
[2024-02-24 04:03:42,232] {taskinstance.py:1239} INFO - Starting attempt 1 of 2
[2024-02-24 04:03:42,232] {taskinstance.py:1240} INFO - 
--------------------------------------------------------------------------------
[2024-02-24 04:03:42,266] {taskinstance.py:1259} INFO - Executing <Task(BashOperator): extract_data_from_csv> on 2024-02-24 04:03:40.557911+00:00
[2024-02-24 04:03:42,280] {standard_task_runner.py:52} INFO - Started process 400 to run task
[2024-02-24 04:03:42,301] {standard_task_runner.py:76} INFO - Running: ['***', 'tasks', 'run', 'kafka_stream', 'extract_data_from_csv', 'manual__2024-02-24T04:03:40.557911+00:00', '--job-id', '30', '--raw', '--subdir', 'DAGS_FOLDER/kafka_stream.py', '--cfg-path', '/tmp/tmp8pm8uq9e', '--error-file', '/tmp/tmpmxxeetzv']
[2024-02-24 04:03:42,305] {standard_task_runner.py:77} INFO - Job 30: Subtask extract_data_from_csv
[2024-02-24 04:03:42,485] {logging_mixin.py:109} INFO - Running <TaskInstance: kafka_stream.extract_data_from_csv manual__2024-02-24T04:03:40.557911+00:00 [running]> on host 8befa3b03ae8
[2024-02-24 04:03:42,649] {taskinstance.py:1426} INFO - Exporting the following env vars:
AIRFLOW_CTX_DAG_EMAIL=mahesh@somemail.com
AIRFLOW_CTX_DAG_OWNER=Mahesh Pathak
AIRFLOW_CTX_DAG_ID=kafka_stream
AIRFLOW_CTX_TASK_ID=extract_data_from_csv
AIRFLOW_CTX_EXECUTION_DATE=2024-02-24T04:03:40.557911+00:00
AIRFLOW_CTX_DAG_RUN_ID=manual__2024-02-24T04:03:40.557911+00:00
[2024-02-24 04:03:42,650] {subprocess.py:62} INFO - Tmp dir root location: 
 /tmp
[2024-02-24 04:03:42,651] {subprocess.py:74} INFO - Running command: ['bash', '-c', 'echo "Extract Mahesh"']
[2024-02-24 04:03:42,684] {subprocess.py:85} INFO - Output:
[2024-02-24 04:03:42,691] {subprocess.py:89} INFO - Extract Mahesh
[2024-02-24 04:03:42,692] {subprocess.py:93} INFO - Command exited with return code 0
[2024-02-24 04:03:42,769] {taskinstance.py:1277} INFO - Marking task as SUCCESS. dag_id=kafka_stream, task_id=extract_data_from_csv, execution_date=20240224T040340, start_date=20240224T040342, end_date=20240224T040342
[2024-02-24 04:03:42,875] {local_task_job.py:154} INFO - Task exited with return code 0
[2024-02-24 04:03:43,021] {local_task_job.py:264} INFO - 1 downstream tasks scheduled from follow-on schedule check
