[2024-02-24 06:10:50,610] {taskinstance.py:1032} INFO - Dependencies all met for <TaskInstance: kafka_stream.virtualenv_python manual__2024-02-24T06:10:46.099759+00:00 [queued]>
[2024-02-24 06:10:50,646] {taskinstance.py:1032} INFO - Dependencies all met for <TaskInstance: kafka_stream.virtualenv_python manual__2024-02-24T06:10:46.099759+00:00 [queued]>
[2024-02-24 06:10:50,647] {taskinstance.py:1238} INFO - 
--------------------------------------------------------------------------------
[2024-02-24 06:10:50,647] {taskinstance.py:1239} INFO - Starting attempt 1 of 2
[2024-02-24 06:10:50,647] {taskinstance.py:1240} INFO - 
--------------------------------------------------------------------------------
[2024-02-24 06:10:50,689] {taskinstance.py:1259} INFO - Executing <Task(PythonVirtualenvOperator): virtualenv_python> on 2024-02-24 06:10:46.099759+00:00
[2024-02-24 06:10:50,701] {standard_task_runner.py:76} INFO - Running: ['***', 'tasks', 'run', 'kafka_stream', 'virtualenv_python', 'manual__2024-02-24T06:10:46.099759+00:00', '--job-id', '34', '--raw', '--subdir', 'DAGS_FOLDER/kafka_stream.py', '--cfg-path', '/tmp/tmpk6_lkz9c', '--error-file', '/tmp/tmpka3nrp_2']
[2024-02-24 06:10:50,707] {standard_task_runner.py:77} INFO - Job 34: Subtask virtualenv_python
[2024-02-24 06:10:50,698] {standard_task_runner.py:52} INFO - Started process 375 to run task
[2024-02-24 06:10:51,008] {logging_mixin.py:109} INFO - Running <TaskInstance: kafka_stream.virtualenv_python manual__2024-02-24T06:10:46.099759+00:00 [running]> on host 7f685da887db
[2024-02-24 06:10:51,132] {taskinstance.py:1426} INFO - Exporting the following env vars:
AIRFLOW_CTX_DAG_EMAIL=mahesh@somemail.com
AIRFLOW_CTX_DAG_OWNER=Mahesh Pathak
AIRFLOW_CTX_DAG_ID=kafka_stream
AIRFLOW_CTX_TASK_ID=virtualenv_python
AIRFLOW_CTX_EXECUTION_DATE=2024-02-24T06:10:46.099759+00:00
AIRFLOW_CTX_DAG_RUN_ID=manual__2024-02-24T06:10:46.099759+00:00
[2024-02-24 06:10:51,133] {process_utils.py:160} INFO - Executing cmd: /usr/local/bin/python -m virtualenv /tmp/venvesny0_6i
[2024-02-24 06:10:51,169] {process_utils.py:164} INFO - Output:
[2024-02-24 06:10:54,446] {process_utils.py:168} INFO - created virtual environment CPython3.6.15.final.0-64 in 2055ms
[2024-02-24 06:10:54,446] {process_utils.py:168} INFO -   creator CPython3Posix(dest=/tmp/venvesny0_6i, clear=False, no_vcs_ignore=False, global=False)
[2024-02-24 06:10:54,446] {process_utils.py:168} INFO -   seeder FromAppData(download=False, pip=bundle, setuptools=bundle, wheel=bundle, via=copy, app_data_dir=/home/***/.local/share/virtualenv)
[2024-02-24 06:10:54,447] {process_utils.py:168} INFO -     added seed packages: pip==21.3.1, setuptools==58.3.0, wheel==0.37.0
[2024-02-24 06:10:54,447] {process_utils.py:168} INFO -   activators BashActivator,CShellActivator,FishActivator,NushellActivator,PowerShellActivator,PythonActivator
[2024-02-24 06:10:54,593] {process_utils.py:160} INFO - Executing cmd: /tmp/venvesny0_6i/bin/pip install Faker kafka-python
[2024-02-24 06:10:54,629] {process_utils.py:164} INFO - Output:
[2024-02-24 06:11:01,980] {process_utils.py:168} INFO - Collecting Faker
[2024-02-24 06:11:02,253] {process_utils.py:168} INFO -   Downloading Faker-14.2.1-py3-none-any.whl (1.6 MB)
[2024-02-24 06:11:02,814] {process_utils.py:168} INFO - Collecting kafka-python
[2024-02-24 06:11:02,899] {process_utils.py:168} INFO -   Downloading kafka_python-2.0.2-py2.py3-none-any.whl (246 kB)
[2024-02-24 06:11:03,110] {process_utils.py:168} INFO - Collecting typing-extensions>=3.7.4.3
[2024-02-24 06:11:03,176] {process_utils.py:168} INFO -   Downloading typing_extensions-4.1.1-py3-none-any.whl (26 kB)
[2024-02-24 06:11:03,343] {process_utils.py:168} INFO - Collecting python-dateutil>=2.4
[2024-02-24 06:11:03,403] {process_utils.py:168} INFO -   Downloading python_dateutil-2.8.2-py2.py3-none-any.whl (247 kB)
[2024-02-24 06:11:03,598] {process_utils.py:168} INFO - Collecting six>=1.5
[2024-02-24 06:11:03,665] {process_utils.py:168} INFO -   Downloading six-1.16.0-py2.py3-none-any.whl (11 kB)
[2024-02-24 06:11:03,775] {process_utils.py:168} INFO - Installing collected packages: six, typing-extensions, python-dateutil, kafka-python, Faker
[2024-02-24 06:11:07,178] {process_utils.py:168} INFO - Successfully installed Faker-14.2.1 kafka-python-2.0.2 python-dateutil-2.8.2 six-1.16.0 typing-extensions-4.1.1
[2024-02-24 06:11:08,350] {process_utils.py:160} INFO - Executing cmd: /tmp/venvesny0_6i/bin/python /tmp/venvesny0_6i/script.py /tmp/venvesny0_6i/script.in /tmp/venvesny0_6i/script.out /tmp/venvesny0_6i/string_args.txt
[2024-02-24 06:11:08,366] {process_utils.py:164} INFO - Output:
[2024-02-24 06:12:09,912] {process_utils.py:168} INFO - {'name': 'Jeremy Allen', 'address': '199 Baker Square\nRandyfort, ME 07292', 'created_at': '2023'}
[2024-02-24 06:12:09,913] {process_utils.py:168} INFO - {'name': 'Alexis Mason', 'address': '533 Chandler Divide\nJohnsonchester, TX 62971', 'created_at': '2007'}
[2024-02-24 06:12:09,913] {process_utils.py:168} INFO - {'name': 'Isaiah Morgan DDS', 'address': '7630 Billy Manors Suite 443\nAaronstad, RI 32483', 'created_at': '1976'}
[2024-02-24 06:12:09,914] {process_utils.py:168} INFO - {'name': 'Paul Calhoun', 'address': '3610 Turner Wall Suite 998\nEast Joel, OH 83150', 'created_at': '2014'}
[2024-02-24 06:12:09,914] {process_utils.py:168} INFO - {'name': 'Christine Blackwell', 'address': 'USNS Blake\nFPO AE 80156', 'created_at': '1998'}
[2024-02-24 06:12:09,915] {process_utils.py:168} INFO - {'name': 'Nicholas Lewis', 'address': '96210 Nathan Common\nTeresatown, PA 47504', 'created_at': '1982'}
[2024-02-24 06:12:09,915] {process_utils.py:168} INFO - {'name': 'Lonnie Butler', 'address': '36029 Valerie Gardens\nWest Veronica, CO 30233', 'created_at': '1971'}
[2024-02-24 06:12:09,916] {process_utils.py:168} INFO - {'name': 'Kenneth Cantrell', 'address': '20243 Elizabeth Club\nGordonview, WV 86749', 'created_at': '1984'}
[2024-02-24 06:12:09,916] {process_utils.py:168} INFO - {'name': 'Philip Anderson', 'address': '460 Obrien Mount\nNew Katie, OK 80517', 'created_at': '2021'}
[2024-02-24 06:12:09,916] {process_utils.py:168} INFO - {'name': 'Sabrina Rivera', 'address': '583 Deborah Hollow\nNew Crystal, NV 08856', 'created_at': '1987'}
[2024-02-24 06:12:09,917] {process_utils.py:168} INFO - {'name': 'Jason Johnson', 'address': '875 Brian Point\nNicoleland, NC 33291', 'created_at': '2008'}
[2024-02-24 06:12:09,917] {process_utils.py:168} INFO - {'name': 'Elizabeth Wagner', 'address': 'PSC 2948, Box 6244\nAPO AP 56028', 'created_at': '1982'}
[2024-02-24 06:12:09,918] {process_utils.py:168} INFO - {'name': 'Andrew Torres', 'address': '4689 Hurley Camp\nBrettchester, NE 82795', 'created_at': '2013'}
[2024-02-24 06:12:09,918] {process_utils.py:168} INFO - {'name': 'Nicholas Hernandez', 'address': '668 Monica Fall Apt. 277\nMartinbury, NE 14961', 'created_at': '2014'}
[2024-02-24 06:12:09,919] {process_utils.py:168} INFO - {'name': 'Patrick Anderson', 'address': 'PSC 6404, Box 3046\nAPO AP 27625', 'created_at': '2011'}
[2024-02-24 06:12:10,130] {python.py:175} INFO - Done. Returned value was: None
[2024-02-24 06:12:10,142] {taskinstance.py:1277} INFO - Marking task as SUCCESS. dag_id=kafka_stream, task_id=virtualenv_python, execution_date=20240224T061046, start_date=20240224T061050, end_date=20240224T061210
[2024-02-24 06:12:10,183] {local_task_job.py:154} INFO - Task exited with return code 0
[2024-02-24 06:12:10,212] {local_task_job.py:264} INFO - 0 downstream tasks scheduled from follow-on schedule check
